###############################################################################
#                                                                             #
# IAR C/C++ Compiler V5.50.0.50277/W32 for Atmel AVR    02/Dec/2013  00:33:05 #
# Copyright (C) 1996-2010 IAR Systems AB.                                     #
#                                                                             #
#    Source file  =  D:\Work\IAR\TIEF_Framework\TIEL_FrameWork\CPU\AVR_Driver #
#                    \avr_sleep.cpp                                           #
#    Command line =  D:\Work\IAR\TIEF_Framework\TIEL_FrameWork\CPU\AVR_Driver #
#                    \avr_sleep.cpp --cpu=m128 -ms -o                         #
#                    D:\Work\IAR\TIEF_Framework\ATmega128_Release\Obj\ -D     #
#                    NDEBUG -D xWATCHDOG_ENABLE -lC                           #
#                    D:\Work\IAR\TIEF_Framework\ATmega128_Release\List\ -y    #
#                    --initializers_in_flash -z9 --cross_call_passes=2        #
#                    -DENABLE_BIT_DEFINITIONS --do_cross_call -e -I ./\ -I    #
#                    D:\Work\IAR\TIEF_Framework\ -I                           #
#                    D:\Work\IAR\TIEF_Framework/TIEL_FrameWork/Basic_Componen #
#                    t\ -I D:\Work\IAR\TIEF_Framework/TIEL_FrameWork/BSP/MC_E #
#                    02SMB_v1_3\ -I D:\Work\IAR\TIEF_Framework/TIEL_FrameWork #
#                    /Common\ -I D:\Work\IAR\TIEF_Framework/TIEL_FrameWork/Co #
#                    nfiguration\ -I D:\Work\IAR\TIEF_Framework/TIEL_FrameWor #
#                    k/CPU/AVR_Driver\ -I D:\Work\IAR\TIEF_Framework/TIEL_Fra #
#                    meWork/Driver_Interface\ -I                              #
#                    D:\Work\IAR\TIEF_Framework/TIEL_FrameWork/Drivers\ -I    #
#                    D:\Work\IAR\TIEF_Framework/TIEL_FrameWork/Service\ -I    #
#                    D:\Work\IAR\TIEF_Framework/TIEL_FrameWork/System\ -I     #
#                    D:\Work\IAR\TIEF_Framework/TIEL_FrameWork/Test\ -I       #
#                    D:\Work\IAR\TIEF_Framework/TIEL_FrameWork/Utils\ -I      #
#                    D:\Work\IAR\TIEF_Framework/BUILD_COUNT\ -I "C:\Program   #
#                    Files (x86)\IAR Systems\Embedded Workbench               #
#                    5.4_0\avr\INC\" -I "C:\Program Files (x86)\IAR           #
#                    Systems\Embedded Workbench 5.4_0\avr\INC\DLIB\"          #
#                    --eeprom_size 4096 --eec++ --dlib_config "C:\Program     #
#                    Files (x86)\IAR Systems\Embedded Workbench               #
#                    5.4_0\avr\LIB\DLIB\dlAVR-3s-ec_mul-n.h"                  #
#    List file    =  D:\Work\IAR\TIEF_Framework\ATmega128_Release\List\avr_sl #
#                    eep.lst                                                  #
#    Object file  =  D:\Work\IAR\TIEF_Framework\ATmega128_Release\Obj\avr_sle #
#                    ep.r90                                                   #
#                                                                             #
#                                                                             #
###############################################################################



 
 
 0 bytes of memory

Errors: none
Warnings: none
