###############################################################################
#                                                                             #
# IAR C/C++ Compiler V5.50.0.50277/W32 for Atmel AVR    20/Dec/2013  10:32:38 #
# Copyright (C) 1996-2010 IAR Systems AB.                                     #
#                                                                             #
#    Source file  =  C:\work\TIEL_FrameWork\Basic_Component\BCComponentManage #
#                    r.cpp                                                    #
#    Command line =  C:\work\TIEL_FrameWork\Basic_Component\BCComponentManage #
#                    r.cpp --cpu=m128 -ms -o C:\work\ATmega128_Debug\Obj\ -D  #
#                    xNDEBUG -D xWATCHDOG_ENABLE -lC                          #
#                    C:\work\ATmega128_Debug\List\ -y                         #
#                    --initializers_in_flash -z2 --no_cse --no_inline         #
#                    --no_code_motion --no_cross_call --no_clustering         #
#                    --no_tbaa --cross_call_passes=2 --debug                  #
#                    -DENABLE_BIT_DEFINITIONS --do_cross_call -e -I ./\ -I    #
#                    C:\work\ -I C:\work/TIEL_FrameWork/Basic_Component\ -I   #
#                    C:\work/TIEL_FrameWork/BSP/MC_E02SMB_v1_3\ -I            #
#                    C:\work/TIEL_FrameWork/Common\ -I                        #
#                    C:\work/TIEL_FrameWork/Configuration\ -I                 #
#                    C:\work/TIEL_FrameWork/CPU/AVR_Driver\ -I                #
#                    C:\work/TIEL_FrameWork/Driver_Interface\ -I              #
#                    C:\work/TIEL_FrameWork/Drivers\ -I                       #
#                    C:\work/TIEL_FrameWork/Service\ -I                       #
#                    C:\work/TIEL_FrameWork/System\ -I                        #
#                    C:\work/TIEL_FrameWork/Test\ -I                          #
#                    C:\work/TIEL_FrameWork/Utils\ -I C:\work/BUILD_COUNT\    #
#                    -I "C:\Program Files\IAR Systems\Embedded Workbench      #
#                    5.4\avr\INC\" -I "C:\Program Files\IAR Systems\Embedded  #
#                    Workbench 5.4\avr\INC\DLIB\" --eeprom_size 4096 --eec++  #
#                    --dlib_config "C:\Program Files\IAR Systems\Embedded     #
#                    Workbench 5.4\avr\LIB\DLIB\dlAVR-3s-ec_mul-n.h"          #
#    List file    =  C:\work\ATmega128_Debug\List\BCComponentManager.lst      #
#    Object file  =  C:\work\ATmega128_Debug\Obj\BCComponentManager.r90       #
#                                                                             #
#                                                                             #
###############################################################################

C:\work\TIEL_FrameWork\Basic_Component\BCComponentManager.cpp
      1          //사용자가 구성하기 원하는 컴포넌트를 만들어냄
      2          
      3          #include "BCComponentManager.h"

   \                                 In  segment CODE, align 2, keep-with-next
   \   __nearfunc __version_3 ITimerEvent::ITimerEvent(unsigned char, unsigned short)
   \                     ??ITimerEvent:
   \   00000000   01F8               MOVW    R31:R30, R17:R16
   \   00000002   8320               ST      Z, R18
   \   00000004   01F8               MOVW    R31:R30, R17:R16
   \   00000006   8341               STD     Z+1, R20
   \   00000008   8352               STD     Z+2, R21
   \   0000000A   E030               LDI     R19, 0
   \   0000000C   01F8               MOVW    R31:R30, R17:R16
   \   0000000E   8335               STD     Z+5, R19
   \   00000010   9508               RET

   \                                 In  segment CODE, align 2, keep-with-next
   \   __nearfunc __version_3 ITimerEvent::~ITimerEvent()
   \                     `?~ITimerEvent`:
   \   00000000   939A               ST      -Y, R25
   \   00000002   938A               ST      -Y, R24
   \   00000004   01C8               MOVW    R25:R24, R17:R16
   \   00000006   2F08               MOV     R16, R24
   \   00000008   2B09               OR      R16, R25
   \   0000000A   F031               BREQ    `?~ITimerEvent_1`
   \   0000000C   2F02               MOV     R16, R18
   \   0000000E   FF00               SBRS    R16, 0
   \   00000010   C003               RJMP    `?~ITimerEvent_1`
   \   00000012   018C               MOVW    R17:R16, R25:R24
   \   00000014   ........           CALL    `??operator delete`
   \                     `?~ITimerEvent_1`:
   \   00000018   9189               LD      R24, Y+
   \   0000001A   9199               LD      R25, Y+
   \   0000001C   9508               RET

   \                                 In  segment CODE, align 2, keep-with-next
   \   __nearfunc __version_3 void ITimerEvent::Resume()
   \                     ??Resume:
   \   00000000   E021               LDI     R18, 1
   \   00000002   01F8               MOVW    R31:R30, R17:R16
   \   00000004   8325               STD     Z+5, R18
   \   00000006   9508               RET

   \                                 In  segment CODE, align 2, keep-with-next
   \   __nearfunc __version_3 RingBuffer::~RingBuffer()
   \                     `?~RingBuffer`:
   \   00000000   939A               ST      -Y, R25
   \   00000002   938A               ST      -Y, R24
   \   00000004   01C8               MOVW    R25:R24, R17:R16
   \   00000006   2F08               MOV     R16, R24
   \   00000008   2B09               OR      R16, R25
   \   0000000A   F031               BREQ    `?~RingBuffer_1`
   \   0000000C   2F02               MOV     R16, R18
   \   0000000E   FF00               SBRS    R16, 0
   \   00000010   C003               RJMP    `?~RingBuffer_1`
   \   00000012   018C               MOVW    R17:R16, R25:R24
   \   00000014   ........           CALL    `??operator delete`
   \                     `?~RingBuffer_1`:
   \   00000018   9189               LD      R24, Y+
   \   0000001A   9199               LD      R25, Y+
   \   0000001C   9508               RET

   \                                 In  segment CODE, align 2, keep-with-next
   \   __nearfunc __version_3 SerialIO::~SerialIO()
   \                     `?~SerialIO`:
   \   00000000   ........           CALL    ?PROLOGUE4_L09
   \   00000004   01C8               MOVW    R25:R24, R17:R16
   \   00000006   01D9               MOVW    R27:R26, R19:R18
   \   00000008   2F08               MOV     R16, R24
   \   0000000A   2B09               OR      R16, R25
   \   0000000C   F0A1               BREQ    `?~SerialIO_1`
   \   0000000E   E022               LDI     R18, 2
   \   00000010   E030               LDI     R19, 0
   \   00000012   018C               MOVW    R17:R16, R25:R24
   \   00000014   5E0D               SUBI    R16, 237
   \   00000016   4F1F               SBCI    R17, 255
   \   00000018   ........           CALL    `?~RingBuffer`
   \   0000001C   E022               LDI     R18, 2
   \   0000001E   E030               LDI     R19, 0
   \   00000020   018C               MOVW    R17:R16, R25:R24
   \   00000022   5F0B               SUBI    R16, 251
   \   00000024   4F1F               SBCI    R17, 255
   \   00000026   ........           CALL    `?~RingBuffer`
   \   0000002A   2F0A               MOV     R16, R26
   \   0000002C   FF00               SBRS    R16, 0
   \   0000002E   C003               RJMP    `?~SerialIO_1`
   \   00000030   018C               MOVW    R17:R16, R25:R24
   \   00000032   ........           CALL    `??operator delete`
   \                     `?~SerialIO_1`:
   \   00000036   E0E4               LDI     R30, 4
   \   00000038   ........           JMP     ?EPILOGUE_B4_L09

    CreateWatchDog();
    ^
"C:\work\TIEL_FrameWork\Driver_Interface\DriverFactory.h",80  Warning[Pe837]: 
          omission of explicit type is nonstandard ("int" assumed)
      4          #include "DriverFactory.h"
      5          #include "System_Manager.h"

   \                                 In  segment CODE, align 2, keep-with-next
   \   __nearfunc __version_3 IModule::IModule()
   \                     ??IModule:
   \   00000000   9508               RET

   \                                 In  segment CODE, align 2, keep-with-next
   \   __nearfunc __version_3 IModule::~IModule()
   \                     `?~IModule`:
   \   00000000   939A               ST      -Y, R25
   \   00000002   938A               ST      -Y, R24
   \   00000004   01C8               MOVW    R25:R24, R17:R16
   \   00000006   2F08               MOV     R16, R24
   \   00000008   2B09               OR      R16, R25
   \   0000000A   F031               BREQ    `?~IModule_1`
   \   0000000C   2F02               MOV     R16, R18
   \   0000000E   FF00               SBRS    R16, 0
   \   00000010   C003               RJMP    `?~IModule_1`
   \   00000012   018C               MOVW    R17:R16, R25:R24
   \   00000014   ........           CALL    `??operator delete`
   \                     `?~IModule_1`:
   \   00000018   9189               LD      R24, Y+
   \   0000001A   9199               LD      R25, Y+
   \   0000001C   9508               RET
      6          #include "DInTimerAdaptor.h"

   \                                 In  segment CODE, align 2, keep-with-next
   \   __nearfunc __version_3 DInTimerAdaptor::~DInTimerAdaptor()
   \                     `?~DInTimerAdaptor`:
   \   00000000   ........           CALL    ?PROLOGUE4_L09
   \   00000004   01C8               MOVW    R25:R24, R17:R16
   \   00000006   01D9               MOVW    R27:R26, R19:R18
   \   00000008   2F08               MOV     R16, R24
   \   0000000A   2B09               OR      R16, R25
   \   0000000C   F059               BREQ    `?~DInTimerAdaptor_1`
   \   0000000E   E020               LDI     R18, 0
   \   00000010   E030               LDI     R19, 0
   \   00000012   018C               MOVW    R17:R16, R25:R24
   \   00000014   ........           CALL    `?~ITimerEvent`
   \   00000018   2F0A               MOV     R16, R26
   \   0000001A   FF00               SBRS    R16, 0
   \   0000001C   C003               RJMP    `?~DInTimerAdaptor_1`
   \   0000001E   018C               MOVW    R17:R16, R25:R24
   \   00000020   ........           CALL    `??operator delete`
   \                     `?~DInTimerAdaptor_1`:
   \   00000024   E0E4               LDI     R30, 4
   \   00000026   ........           JMP     ?EPILOGUE_B4_L09

   \                                 In  segment CODE, align 2, keep-with-next
   \   __nearfunc __version_3 DInTimerAdaptor::DInTimerAdaptor(DIn &, unsigned char)
   \                     ??DInTimerAdaptor:
   \   00000000   ........           CALL    ?PROLOGUE6_L09
   \   00000004                      REQUIRE ?Register_R4_is_cg_reg
   \   00000004                      REQUIRE ?Register_R5_is_cg_reg
   \   00000004   01D8               MOVW    R27:R26, R17:R16
   \   00000006   0129               MOVW    R5:R4, R19:R18
   \   00000008   2F84               MOV     R24, R20
   \   0000000A   2F48               MOV     R20, R24
   \   0000000C   E050               LDI     R21, 0
   \   0000000E   E021               LDI     R18, 1
   \   00000010   018D               MOVW    R17:R16, R27:R26
   \   00000012   ........           CALL    ??ITimerEvent
   \   00000016   ....               LDI     R16, LOW(??__vtbl)
   \   00000018   ....               LDI     R17, (??__vtbl) >> 8
   \   0000001A   01FD               MOVW    R31:R30, R27:R26
   \   0000001C   8306               STD     Z+6, R16
   \   0000001E   8317               STD     Z+7, R17
   \   00000020   01FD               MOVW    R31:R30, R27:R26
   \   00000022   8640               STD     Z+8, R4
   \   00000024   8651               STD     Z+9, R5
   \   00000026   2F28               MOV     R18, R24
   \   00000028   01FD               MOVW    R31:R30, R27:R26
   \   0000002A   8500               LDD     R16, Z+8
   \   0000002C   8511               LDD     R17, Z+9
   \   0000002E   ........           CALL    ??SetTimerInterval
   \   00000032   018D               MOVW    R17:R16, R27:R26
   \   00000034   ........           CALL    ??Resume
   \   00000038   018D               MOVW    R17:R16, R27:R26
   \   0000003A   E0E6               LDI     R30, 6
   \   0000003C   ........           JMP     ?EPILOGUE_B6_L09

   \                                 In  segment CODE, align 2, keep-with-next
   \   __nearfunc __version_3 void DInTimerAdaptor::TimeOutEvent()
   \                     ??TimeOutEvent:
   \   00000000   93BA               ST      -Y, R27
   \   00000002   93AA               ST      -Y, R26
   \   00000004   01D8               MOVW    R27:R26, R17:R16
   \   00000006   9618               ADIW    R27:R26, 8
   \   00000008   910D               LD      R16, X+
   \   0000000A   911C               LD      R17, X
   \   0000000C   9719               SBIW    R27:R26, 9
   \   0000000E   ........           CALL    ??evTimerExpir
   \   00000012   91A9               LD      R26, Y+
   \   00000014   91B9               LD      R27, Y+
   \   00000016   9508               RET

   \                                 In  segment CODE, align 2, keep-with-next
   \   __nearfunc __version_3 TimerWithLedAdapter::~TimerWithLedAdapter()
   \                     `?~TimerWithLedAdapter`:
   \   00000000   ........           CALL    ?PROLOGUE4_L09
   \   00000004   01C8               MOVW    R25:R24, R17:R16
   \   00000006   01D9               MOVW    R27:R26, R19:R18
   \   00000008   2F08               MOV     R16, R24
   \   0000000A   2B09               OR      R16, R25
   \   0000000C   F059               BREQ    `?~TimerWithLedAdapter_1`
   \   0000000E   E020               LDI     R18, 0
   \   00000010   E030               LDI     R19, 0
   \   00000012   018C               MOVW    R17:R16, R25:R24
   \   00000014   ........           CALL    `?~ITimerEvent`
   \   00000018   2F0A               MOV     R16, R26
   \   0000001A   FF00               SBRS    R16, 0
   \   0000001C   C003               RJMP    `?~TimerWithLedAdapter_1`
   \   0000001E   018C               MOVW    R17:R16, R25:R24
   \   00000020   ........           CALL    `??operator delete`
   \                     `?~TimerWithLedAdapter_1`:
   \   00000024   E0E4               LDI     R30, 4
   \   00000026   ........           JMP     ?EPILOGUE_B4_L09

   \                                 In  segment CODE, align 2, keep-with-next
   \   __nearfunc __version_3 TimerWithLedAdapter::TimerWithLedAdapter(Led *)
   \                     ??TimerWithLedAdapter:
   \   00000000   ........           CALL    ?PROLOGUE4_L09
   \   00000004   01C8               MOVW    R25:R24, R17:R16
   \   00000006   01D9               MOVW    R27:R26, R19:R18
   \   00000008   E342               LDI     R20, 50
   \   0000000A   E050               LDI     R21, 0
   \   0000000C   E020               LDI     R18, 0
   \   0000000E   018C               MOVW    R17:R16, R25:R24
   \   00000010   ........           CALL    ??ITimerEvent
   \   00000014   ....               LDI     R16, LOW(??__vtbl_1)
   \   00000016   ....               LDI     R17, (??__vtbl_1) >> 8
   \   00000018   01FC               MOVW    R31:R30, R25:R24
   \   0000001A   8306               STD     Z+6, R16
   \   0000001C   8317               STD     Z+7, R17
   \   0000001E   01FC               MOVW    R31:R30, R25:R24
   \   00000020   87A0               STD     Z+8, R26
   \   00000022   87B1               STD     Z+9, R27
   \   00000024   018C               MOVW    R17:R16, R25:R24
   \   00000026   ........           CALL    ??Resume
   \   0000002A   018C               MOVW    R17:R16, R25:R24
   \   0000002C   E0E4               LDI     R30, 4
   \   0000002E   ........           JMP     ?EPILOGUE_B4_L09

   \                                 In  segment CODE, align 2, keep-with-next
   \   __nearfunc __version_3 void TimerWithLedAdapter::TimeOutEvent()
   \                     ??TimeOutEvent_1:
   \   00000000   93BA               ST      -Y, R27
   \   00000002   93AA               ST      -Y, R26
   \   00000004   01D8               MOVW    R27:R26, R17:R16
   \   00000006   9618               ADIW    R27:R26, 8
   \   00000008   910D               LD      R16, X+
   \   0000000A   911C               LD      R17, X
   \   0000000C   9719               SBIW    R27:R26, 9
   \   0000000E   ........           CALL    ??evTimerExpir_1
   \   00000012   91A9               LD      R26, Y+
   \   00000014   91B9               LD      R27, Y+
   \   00000016   9508               RET
      7          #include <assert.h>
      8          #include "util.h"
      9          
     10          
     11          //하드웨어를 추상화하고 장치를 생성함.

   \                                 In  segment NEAR_Z, align 1, keep-with-next
   \   00000000                      REQUIRE `?<Segment init: NEAR_Z>`
     12          BCComponentManager * BCComponentManager::Instantce = 0;
   \                     ??Instantce:
   \   00000000                      DS8 2

   \                                 In  segment NEAR_Z, align 1, keep-with-next
   \   00000000                      REQUIRE `?<Segment init: NEAR_Z>`
     13          DriverFactory * BCComponentManager::Driver = 0;
   \                     ??Driver:
   \   00000000                      DS8 2
     14          
     15          //TimerManager  BCComponentManager::tm (DriverFactory::GetInstance()->CreateTimer() );
     16          
     17          

   \                                 In  segment CODE, align 2, keep-with-next
     18          class BCComponentMod:public IModule
   \   __nearfunc __version_3 BCComponentMod::BCComponentMod()
   \                     ??BCComponentMod:
   \   00000000   93BA               ST      -Y, R27
   \   00000002   93AA               ST      -Y, R26
   \   00000004   01D8               MOVW    R27:R26, R17:R16
   \   00000006   018D               MOVW    R17:R16, R27:R26
   \   00000008   ........           CALL    ??IModule
   \   0000000C   ....               LDI     R16, LOW(??__vtbl_2)
   \   0000000E   ....               LDI     R17, (??__vtbl_2) >> 8
   \   00000010   930D               ST      X+, R16
   \   00000012   931C               ST      X, R17
   \   00000014   9711               SBIW    R27:R26, 1
   \   00000016   018D               MOVW    R17:R16, R27:R26
   \   00000018   91A9               LD      R26, Y+
   \   0000001A   91B9               LD      R27, Y+
   \   0000001C   9508               RET

   \                                 In  segment CODE, align 2, keep-with-next
   \   __nearfunc __version_3 BCComponentMod::~BCComponentMod()
   \                     `?~BCComponentMod`:
   \   00000000   ........           CALL    ?PROLOGUE4_L09
   \   00000004   01C8               MOVW    R25:R24, R17:R16
   \   00000006   01D9               MOVW    R27:R26, R19:R18
   \   00000008   2F08               MOV     R16, R24
   \   0000000A   2B09               OR      R16, R25
   \   0000000C   F059               BREQ    `?~BCComponentMod_1`
   \   0000000E   E020               LDI     R18, 0
   \   00000010   E030               LDI     R19, 0
   \   00000012   018C               MOVW    R17:R16, R25:R24
   \   00000014   ........           CALL    `?~IModule`
   \   00000018   2F0A               MOV     R16, R26
   \   0000001A   FF00               SBRS    R16, 0
   \   0000001C   C003               RJMP    `?~BCComponentMod_1`
   \   0000001E   018C               MOVW    R17:R16, R25:R24
   \   00000020   ........           CALL    `??operator delete`
   \                     `?~BCComponentMod_1`:
   \   00000024   E0E4               LDI     R30, 4
   \   00000026   ........           JMP     ?EPILOGUE_B4_L09
     19          {
     20            TimerManager * tm;
     21            SerialIO *serial0;
     22          public:
     23          
     24            

   \                                 In  segment CODE, align 2, keep-with-next
     25            void Init()
   \                     ??Init:
     26            {
   \   00000000   93BA               ST      -Y, R27
   \   00000002   93AA               ST      -Y, R26
   \   00000004   01D8               MOVW    R27:R26, R17:R16
     27          //    GetBCComponentManager()->Init();
     28              
     29          //    tm = BCComponentManager::GetInstance()->CreateTimer();
     30              tm = GetBCComponentManager()->CreateTimer();
   \   00000006   ........           CALL    ??GetBCComponentManager
   \   0000000A   ........           CALL    ??CreateTimer
   \   0000000E   9612               ADIW    R27:R26, 2
   \   00000010   930D               ST      X+, R16
   \   00000012   931C               ST      X, R17
   \   00000014   9713               SBIW    R27:R26, 3
     31              serial0 = GetBCComponentManager()->CreateSerialIO(0);
   \   00000016   ........           CALL    ??GetBCComponentManager
   \   0000001A   E020               LDI     R18, 0
   \   0000001C   ........           CALL    ??CreateSerialIO
   \   00000020   9614               ADIW    R27:R26, 4
   \   00000022   930D               ST      X+, R16
   \   00000024   931C               ST      X, R17
   \   00000026   9715               SBIW    R27:R26, 5
     32              assert( 0 != tm);
   \   00000028   9612               ADIW    R27:R26, 2
   \   0000002A   910D               LD      R16, X+
   \   0000002C   911C               LD      R17, X
   \   0000002E   9713               SBIW    R27:R26, 3
   \   00000030   2B01               OR      R16, R17
   \   00000032   F451               BRNE    ??Init_11
   \   00000034   E240               LDI     R20, 32
   \   00000036   E050               LDI     R21, 0
   \   00000038   ....               LDI     R18, LOW(`?<Constant "C:\\\\work\\\\TIEL_FrameWor...">`)
   \   0000003A   ....               LDI     R19, (`?<Constant "C:\\\\work\\\\TIEL_FrameWor...">`) >> 8
   \   0000003C   ....               LDI     R16, LOW(`?<Constant "0 != tm">`)
   \   0000003E   ....               LDI     R17, (`?<Constant "0 != tm">`) >> 8
   \   00000040   ........           CALL    __taabi_assert
   \   00000044   ........           CALL    __iar_EmptyStepPoint
     33            }
   \                     ??Init_11:
   \   00000048   91A9               LD      R26, Y+
   \   0000004A   91B9               LD      R27, Y+
   \   0000004C   9508               RET
     34            

   \                                 In  segment CODE, align 2, keep-with-next
     35            char Execute(void)
   \                     ??Execute:
     36            {
   \   00000000   93BA               ST      -Y, R27
   \   00000002   93AA               ST      -Y, R26
   \   00000004   01D8               MOVW    R27:R26, R17:R16
     37              assert( 0 != tm);
   \   00000006   9612               ADIW    R27:R26, 2
   \   00000008   910D               LD      R16, X+
   \   0000000A   911C               LD      R17, X
   \   0000000C   9713               SBIW    R27:R26, 3
   \   0000000E   2B01               OR      R16, R17
   \   00000010   F451               BRNE    ??Execute_1
   \   00000012   E245               LDI     R20, 37
   \   00000014   E050               LDI     R21, 0
   \   00000016   ....               LDI     R18, LOW(`?<Constant "C:\\\\work\\\\TIEL_FrameWor...">`)
   \   00000018   ....               LDI     R19, (`?<Constant "C:\\\\work\\\\TIEL_FrameWor...">`) >> 8
   \   0000001A   ....               LDI     R16, LOW(`?<Constant "0 != tm">`)
   \   0000001C   ....               LDI     R17, (`?<Constant "0 != tm">`) >> 8
   \   0000001E   ........           CALL    __taabi_assert
   \   00000022   ........           CALL    __iar_EmptyStepPoint
     38              if(0 != tm){
   \                     ??Execute_1:
   \   00000026   9612               ADIW    R27:R26, 2
   \   00000028   910D               LD      R16, X+
   \   0000002A   911C               LD      R17, X
   \   0000002C   9713               SBIW    R27:R26, 3
   \   0000002E   2B01               OR      R16, R17
   \   00000030   F051               BREQ    ??Execute_2
     39                if(tm->evTick())
   \   00000032   9612               ADIW    R27:R26, 2
   \   00000034   910D               LD      R16, X+
   \   00000036   911C               LD      R17, X
   \   00000038   9713               SBIW    R27:R26, 3
   \   0000003A   ........           CALL    ??evTick
   \   0000003E   2300               TST     R16
   \   00000040   F011               BREQ    ??Execute_2
     40                return 1;
   \   00000042   E001               LDI     R16, 1
   \   00000044   C021               RJMP    ??Execute_3
     41              }
     42              
     43              assert( 0 != serial0);
   \                     ??Execute_2:
   \   00000046   9614               ADIW    R27:R26, 4
   \   00000048   910D               LD      R16, X+
   \   0000004A   911C               LD      R17, X
   \   0000004C   9715               SBIW    R27:R26, 5
   \   0000004E   2B01               OR      R16, R17
   \   00000050   F451               BRNE    ??Execute_4
   \   00000052   E24B               LDI     R20, 43
   \   00000054   E050               LDI     R21, 0
   \   00000056   ....               LDI     R18, LOW(`?<Constant "C:\\\\work\\\\TIEL_FrameWor...">`)
   \   00000058   ....               LDI     R19, (`?<Constant "C:\\\\work\\\\TIEL_FrameWor...">`) >> 8
   \   0000005A   ....               LDI     R16, LOW(`?<Constant "0 != serial0">`)
   \   0000005C   ....               LDI     R17, (`?<Constant "0 != serial0">`) >> 8
   \   0000005E   ........           CALL    __taabi_assert
   \   00000062   ........           CALL    __iar_EmptyStepPoint
     44              if( 0 != serial0){
   \                     ??Execute_4:
   \   00000066   9614               ADIW    R27:R26, 4
   \   00000068   910D               LD      R16, X+
   \   0000006A   911C               LD      R17, X
   \   0000006C   9715               SBIW    R27:R26, 5
   \   0000006E   2B01               OR      R16, R17
   \   00000070   F051               BREQ    ??Execute_5
     45                if(serial0->evTick())
   \   00000072   9614               ADIW    R27:R26, 4
   \   00000074   910D               LD      R16, X+
   \   00000076   911C               LD      R17, X
   \   00000078   9715               SBIW    R27:R26, 5
   \   0000007A   ........           CALL    ??evTick_1
   \   0000007E   2300               TST     R16
   \   00000080   F011               BREQ    ??Execute_5
     46                return 1;
   \   00000082   E001               LDI     R16, 1
   \   00000084   C001               RJMP    ??Execute_3
     47              }
     48          
     49              WATCH_DOG_KICK();
     50              return 0;
   \                     ??Execute_5:
   \   00000086   E000               LDI     R16, 0
   \                     ??Execute_3:
   \   00000088   91A9               LD      R26, Y+
   \   0000008A   91B9               LD      R27, Y+
   \   0000008C   9508               RET
     51            }
     52          };
     53          

   \                                 In  segment CODE, align 2, keep-with-next
   \   static __intrinsic __nearfunc __version_3 void __sti__routine()
   \                     ??__sti__routine:
     54          BCComponentMod bcmod;
   \   00000000   ....               LDI     R16, LOW(bcmod)
   \   00000002   ....               LDI     R17, (bcmod) >> 8
   \   00000004   ........           CALL    ??BCComponentMod
   \   00000008   ....               LDI     R16, LOW(?_0)
   \   0000000A   ....               LDI     R17, (?_0) >> 8
   \   0000000C   ........           CALL    __record_needed_destruction
     55          
     56          BCComponentManager::BCComponentManager()
     57          {
     58            assert( 0 == Instantce);
     59            if(0 == Instantce)
     60            {
     61              Instantce = this;
     62            }
     63            
     64          
     65          }
     66          
     67          void BCComponentManager::Init(void)
     68          {
     69          //  Driver = DriverFactory::GetInstance();
     70            Driver = GetDriverFactory();
     71            assert( 0 != Driver);
     72            
     73            
     74          //  static TimerManager ttm(Driver->CreateTimer());
     75          //  tm = &ttm;
     76            tm = TimerManager::GetInstance(Driver->CreateTimer());
     77            
     78            static SerialIO _serial0(*(Driver->CreateUart()));
     79            serial0 = &_serial0;
     80          
     81            DIn * photoDin = Driver->CreateDIn();
     82            if(0 != photoDin)
     83            {
     84            static DInTimerAdaptor timer(*photoDin,10);  
     85            tm->AddEvent(&timer);
     86            }
     87            
     88            SystemManager *sys;
     89            sys = SystemManager::Instance();
     90          
     91            assert(0 != sys);
     92            
     93              led0 = Driver->CreateLed(LED0);
     94              if( 0 != led0)
     95              {
     96                static TimerWithLedAdapter ta0(led0);
     97                tm->AddEvent(&ta0);  
     98              }
     99              
    100              led1 = Driver->CreateLed(LED1);
    101              if( 0 != led1)
    102              {
    103                static TimerWithLedAdapter ta1(led1);
    104                tm->AddEvent(&ta1);  
    105              }
    106          
    107            sys->AddModule(bcmod);
    108            
    109            
    110          }
    111          
    112          //BCComponentManager * BCComponentManager::GetInstance(void)
    113          //{
    114          //  return Instantce ;
    115          //}
    116          
    117          TimerManager * BCComponentManager::CreateTimer(void)
    118          {
    119            return tm;
    120          }
    121          
    122          Led * BCComponentManager::CreateLed(LED _led)
    123          {
    124              if(LED0 == _led)
    125              return led0;
    126          
    127          
    128              if(LED1 == _led)
    129              return led1;    
    130                
    131          }
                 ^
Warning[Pe940]: missing return statement at end of non-void function
          "BCComponentManager::CreateLed"
    132          
    133          SerialIO * BCComponentManager::CreateSerialIO(unsigned char portnum )
    134          {
    135            if( 0 == portnum)
    136            {
    137              return serial0;
    138            }
    139            
    140            return 0;
    141          }
    142          
    143          DIn * BCComponentManager::CreateDIn()
    144          {
    145          
    146            
    147            return Driver->CreateDIn();
    148            
    149            
    150          }
    151          
    152          Adc * BCComponentManager::CreateAdc(void)
    153          {
    154            static Adc adc(Driver->CreateAdc());
    155            tm->AddEvent(&adc);
    156            
    157            return &adc;
    158          }
    159          
    160          
    161          Pwm * BCComponentManager::CreatePwm(void)
    162          {
    163            static Pwm pwm(Driver->CreatePwm());
    164            
    165            return &pwm;
    166            
    167          }
    168          /////////////////////////////////////////////////////////////////////////////////
    169          static BCComponentManager bc;
   \   00000010   ....               LDI     R16, LOW(bc)
   \   00000012   ....               LDI     R17, (bc) >> 8
   \   00000014   ....               RCALL   ??BCComponentManager
   \   00000016   9508               RET

   \                                 In  segment CODE, align 2, keep-with-next
   \                     `?<Unnamed 0>`:
   \   00000000   939A               ST      -Y, R25
   \   00000002   938A               ST      -Y, R24
   \   00000004   01C8               MOVW    R25:R24, R17:R16
   \   00000006   E022               LDI     R18, 2
   \   00000008   E030               LDI     R19, 0
   \   0000000A   018C               MOVW    R17:R16, R25:R24
   \   0000000C   ........           CALL    `?~BCComponentMod`
   \   00000010   9189               LD      R24, Y+
   \   00000012   9199               LD      R25, Y+
   \   00000014   9508               RET

   \                                 In  segment NEAR_Z, align 1, keep-with-next
   \   00000000                      REQUIRE `?<Segment init: NEAR_Z>`
   \                     bcmod:
   \   00000000                      DS8 6

   \                                 In  segment CODE, align 2, keep-with-next
   \                     ??BCComponentManager:
   \   00000000   939A               ST      -Y, R25
   \   00000002   938A               ST      -Y, R24
   \   00000004   01C8               MOVW    R25:R24, R17:R16
   \   00000006   9100....           LDS     R16, ??Instantce
   \   0000000A   9110....           LDS     R17, (??Instantce + 1)
   \   0000000E   2B01               OR      R16, R17
   \   00000010   F051               BREQ    ??BCComponentManager_1
   \   00000012   E34A               LDI     R20, 58
   \   00000014   E050               LDI     R21, 0
   \   00000016   ....               LDI     R18, LOW(`?<Constant "C:\\\\work\\\\TIEL_FrameWor...">`)
   \   00000018   ....               LDI     R19, (`?<Constant "C:\\\\work\\\\TIEL_FrameWor...">`) >> 8
   \   0000001A   ....               LDI     R16, LOW(`?<Constant "0 == Instantce">`)
   \   0000001C   ....               LDI     R17, (`?<Constant "0 == Instantce">`) >> 8
   \   0000001E   ........           CALL    __taabi_assert
   \   00000022   ........           CALL    __iar_EmptyStepPoint
   \                     ??BCComponentManager_1:
   \   00000026   9100....           LDS     R16, ??Instantce
   \   0000002A   9110....           LDS     R17, (??Instantce + 1)
   \   0000002E   2B01               OR      R16, R17
   \   00000030   F421               BRNE    ??BCComponentManager_2
   \   00000032   9380....           STS     ??Instantce, R24
   \   00000036   9390....           STS     (??Instantce + 1), R25
   \                     ??BCComponentManager_2:
   \   0000003A   018C               MOVW    R17:R16, R25:R24
   \   0000003C   9189               LD      R24, Y+
   \   0000003E   9199               LD      R25, Y+
   \   00000040   9508               RET

   \                                 In  segment CODE, align 2, keep-with-next
   \                     ??Init_1:
   \   00000000   ........           CALL    ?PROLOGUE6_L09
   \   00000004                      REQUIRE ?Register_R4_is_cg_reg
   \   00000004                      REQUIRE ?Register_R5_is_cg_reg
   \   00000004   01D8               MOVW    R27:R26, R17:R16
   \   00000006   ........           CALL    ??GetDriverFactory
   \   0000000A   9300....           STS     ??Driver, R16
   \   0000000E   9310....           STS     (??Driver + 1), R17
   \   00000012   9100....           LDS     R16, ??Driver
   \   00000016   9110....           LDS     R17, (??Driver + 1)
   \   0000001A   2B01               OR      R16, R17
   \   0000001C   F451               BRNE    ??Init_2
   \   0000001E   E447               LDI     R20, 71
   \   00000020   E050               LDI     R21, 0
   \   00000022   ....               LDI     R18, LOW(`?<Constant "C:\\\\work\\\\TIEL_FrameWor...">`)
   \   00000024   ....               LDI     R19, (`?<Constant "C:\\\\work\\\\TIEL_FrameWor...">`) >> 8
   \   00000026   ....               LDI     R16, LOW(`?<Constant "0 != Driver">`)
   \   00000028   ....               LDI     R17, (`?<Constant "0 != Driver">`) >> 8
   \   0000002A   ........           CALL    __taabi_assert
   \   0000002E   ........           CALL    __iar_EmptyStepPoint
   \                     ??Init_2:
   \   00000032   91E0....           LDS     R30, ??Driver
   \   00000036   91F0....           LDS     R31, (??Driver + 1)
   \   0000003A   8120               LD      R18, Z
   \   0000003C   8131               LDD     R19, Z+1
   \   0000003E   9100....           LDS     R16, ??Driver
   \   00000042   9110....           LDS     R17, (??Driver + 1)
   \   00000046   01F9               MOVW    R31:R30, R19:R18
   \   00000048   9125               LPM     R18, Z+
   \   0000004A   9134               LPM     R19, Z
   \   0000004C   9731               SBIW    R31:R30, 1
   \   0000004E   01F9               MOVW    R31:R30, R19:R18
   \   00000050   9509               ICALL
   \   00000052   ........           CALL    ??GetInstance
   \   00000056   930D               ST      X+, R16
   \   00000058   931C               ST      X, R17
   \   0000005A   9711               SBIW    R27:R26, 1
   \   0000005C   9100....           LDS     R16, `??static guard for _serial0`
   \   00000060   2300               TST     R16
   \   00000062   F4F1               BRNE    ??Init_3
   \   00000064   E001               LDI     R16, 1
   \   00000066   9300....           STS     `??static guard for _serial0`, R16
   \   0000006A   91E0....           LDS     R30, ??Driver
   \   0000006E   91F0....           LDS     R31, (??Driver + 1)
   \   00000072   8120               LD      R18, Z
   \   00000074   8131               LDD     R19, Z+1
   \   00000076   5F2E               SUBI    R18, 254
   \   00000078   4F3F               SBCI    R19, 255
   \   0000007A   9100....           LDS     R16, ??Driver
   \   0000007E   9110....           LDS     R17, (??Driver + 1)
   \   00000082   01F9               MOVW    R31:R30, R19:R18
   \   00000084   9125               LPM     R18, Z+
   \   00000086   9134               LPM     R19, Z
   \   00000088   9731               SBIW    R31:R30, 1
   \   0000008A   01F9               MOVW    R31:R30, R19:R18
   \   0000008C   9509               ICALL
   \   0000008E   0198               MOVW    R19:R18, R17:R16
   \   00000090   ....               LDI     R16, LOW(??_serial0)
   \   00000092   ....               LDI     R17, (??_serial0) >> 8
   \   00000094   ........           CALL    ??SerialIO
   \   00000098   ....               LDI     R16, LOW(?_2)
   \   0000009A   ....               LDI     R17, (?_2) >> 8
   \   0000009C   ........           CALL    __record_needed_destruction
   \                     ??Init_3:
   \   000000A0   ....               LDI     R16, LOW(??_serial0)
   \   000000A2   ....               LDI     R17, (??_serial0) >> 8
   \   000000A4   01FD               MOVW    R31:R30, R27:R26
   \   000000A6   8302               STD     Z+2, R16
   \   000000A8   8313               STD     Z+3, R17
   \   000000AA   91E0....           LDS     R30, ??Driver
   \   000000AE   91F0....           LDS     R31, (??Driver + 1)
   \   000000B2   8120               LD      R18, Z
   \   000000B4   8131               LDD     R19, Z+1
   \   000000B6   5F2A               SUBI    R18, 250
   \   000000B8   4F3F               SBCI    R19, 255
   \   000000BA   9100....           LDS     R16, ??Driver
   \   000000BE   9110....           LDS     R17, (??Driver + 1)
   \   000000C2   01F9               MOVW    R31:R30, R19:R18
   \   000000C4   9125               LPM     R18, Z+
   \   000000C6   9134               LPM     R19, Z
   \   000000C8   9731               SBIW    R31:R30, 1
   \   000000CA   01F9               MOVW    R31:R30, R19:R18
   \   000000CC   9509               ICALL
   \   000000CE   0128               MOVW    R5:R4, R17:R16
   \   000000D0   2D04               MOV     R16, R4
   \   000000D2   2905               OR      R16, R5
   \   000000D4   F0C1               BREQ    ??Init_4
   \   000000D6   9100....           LDS     R16, `??static guard for timer`
   \   000000DA   2300               TST     R16
   \   000000DC   F469               BRNE    ??Init_5
   \   000000DE   E001               LDI     R16, 1
   \   000000E0   9300....           STS     `??static guard for timer`, R16
   \   000000E4   E04A               LDI     R20, 10
   \   000000E6   0192               MOVW    R19:R18, R5:R4
   \   000000E8   ....               LDI     R16, LOW(??timer)
   \   000000EA   ....               LDI     R17, (??timer) >> 8
   \   000000EC   ........           CALL    ??DInTimerAdaptor
   \   000000F0   ....               LDI     R16, LOW(?_4)
   \   000000F2   ....               LDI     R17, (?_4) >> 8
   \   000000F4   ........           CALL    __record_needed_destruction
   \                     ??Init_5:
   \   000000F8   ....               LDI     R18, LOW(??timer)
   \   000000FA   ....               LDI     R19, (??timer) >> 8
   \   000000FC   910D               LD      R16, X+
   \   000000FE   911C               LD      R17, X
   \   00000100   9711               SBIW    R27:R26, 1
   \   00000102   ........           CALL    ??AddEvent
   \                     ??Init_4:
   \   00000106   ........           CALL    ??Instance
   \   0000010A   01C8               MOVW    R25:R24, R17:R16
   \   0000010C   2F08               MOV     R16, R24
   \   0000010E   2B09               OR      R16, R25
   \   00000110   F451               BRNE    ??Init_6
   \   00000112   E54B               LDI     R20, 91
   \   00000114   E050               LDI     R21, 0
   \   00000116   ....               LDI     R18, LOW(`?<Constant "C:\\\\work\\\\TIEL_FrameWor...">`)
   \   00000118   ....               LDI     R19, (`?<Constant "C:\\\\work\\\\TIEL_FrameWor...">`) >> 8
   \   0000011A   ....               LDI     R16, LOW(`?<Constant "0 != sys">`)
   \   0000011C   ....               LDI     R17, (`?<Constant "0 != sys">`) >> 8
   \   0000011E   ........           CALL    __taabi_assert
   \   00000122   ........           CALL    __iar_EmptyStepPoint
   \                     ??Init_6:
   \   00000126   91E0....           LDS     R30, ??Driver
   \   0000012A   91F0....           LDS     R31, (??Driver + 1)
   \   0000012E   8140               LD      R20, Z
   \   00000130   8151               LDD     R21, Z+1
   \   00000132   5F46               SUBI    R20, 246
   \   00000134   4F5F               SBCI    R21, 255
   \   00000136   E020               LDI     R18, 0
   \   00000138   9100....           LDS     R16, ??Driver
   \   0000013C   9110....           LDS     R17, (??Driver + 1)
   \   00000140   01FA               MOVW    R31:R30, R21:R20
   \   00000142   9145               LPM     R20, Z+
   \   00000144   9154               LPM     R21, Z
   \   00000146   9731               SBIW    R31:R30, 1
   \   00000148   01FA               MOVW    R31:R30, R21:R20
   \   0000014A   9509               ICALL
   \   0000014C   01FD               MOVW    R31:R30, R27:R26
   \   0000014E   8306               STD     Z+6, R16
   \   00000150   8317               STD     Z+7, R17
   \   00000152   01FD               MOVW    R31:R30, R27:R26
   \   00000154   8106               LDD     R16, Z+6
   \   00000156   8117               LDD     R17, Z+7
   \   00000158   2B01               OR      R16, R17
   \   0000015A   F0C9               BREQ    ??Init_7
   \   0000015C   9100....           LDS     R16, `??static guard for ta0`
   \   00000160   2300               TST     R16
   \   00000162   F471               BRNE    ??Init_8
   \   00000164   E001               LDI     R16, 1
   \   00000166   9300....           STS     `??static guard for ta0`, R16
   \   0000016A   01FD               MOVW    R31:R30, R27:R26
   \   0000016C   8126               LDD     R18, Z+6
   \   0000016E   8137               LDD     R19, Z+7
   \   00000170   ....               LDI     R16, LOW(??ta0)
   \   00000172   ....               LDI     R17, (??ta0) >> 8
   \   00000174   ........           CALL    ??TimerWithLedAdapter
   \   00000178   ....               LDI     R16, LOW(?_6)
   \   0000017A   ....               LDI     R17, (?_6) >> 8
   \   0000017C   ........           CALL    __record_needed_destruction
   \                     ??Init_8:
   \   00000180   ....               LDI     R18, LOW(??ta0)
   \   00000182   ....               LDI     R19, (??ta0) >> 8
   \   00000184   910D               LD      R16, X+
   \   00000186   911C               LD      R17, X
   \   00000188   9711               SBIW    R27:R26, 1
   \   0000018A   ........           CALL    ??AddEvent
   \                     ??Init_7:
   \   0000018E   91E0....           LDS     R30, ??Driver
   \   00000192   91F0....           LDS     R31, (??Driver + 1)
   \   00000196   8140               LD      R20, Z
   \   00000198   8151               LDD     R21, Z+1
   \   0000019A   5F46               SUBI    R20, 246
   \   0000019C   4F5F               SBCI    R21, 255
   \   0000019E   E021               LDI     R18, 1
   \   000001A0   9100....           LDS     R16, ??Driver
   \   000001A4   9110....           LDS     R17, (??Driver + 1)
   \   000001A8   01FA               MOVW    R31:R30, R21:R20
   \   000001AA   9145               LPM     R20, Z+
   \   000001AC   9154               LPM     R21, Z
   \   000001AE   9731               SBIW    R31:R30, 1
   \   000001B0   01FA               MOVW    R31:R30, R21:R20
   \   000001B2   9509               ICALL
   \   000001B4   01FD               MOVW    R31:R30, R27:R26
   \   000001B6   8700               STD     Z+8, R16
   \   000001B8   8711               STD     Z+9, R17
   \   000001BA   01FD               MOVW    R31:R30, R27:R26
   \   000001BC   8500               LDD     R16, Z+8
   \   000001BE   8511               LDD     R17, Z+9
   \   000001C0   2B01               OR      R16, R17
   \   000001C2   F0C9               BREQ    ??Init_9
   \   000001C4   9100....           LDS     R16, `??static guard for ta1`
   \   000001C8   2300               TST     R16
   \   000001CA   F471               BRNE    ??Init_10
   \   000001CC   E001               LDI     R16, 1
   \   000001CE   9300....           STS     `??static guard for ta1`, R16
   \   000001D2   01FD               MOVW    R31:R30, R27:R26
   \   000001D4   8520               LDD     R18, Z+8
   \   000001D6   8531               LDD     R19, Z+9
   \   000001D8   ....               LDI     R16, LOW(??ta1)
   \   000001DA   ....               LDI     R17, (??ta1) >> 8
   \   000001DC   ........           CALL    ??TimerWithLedAdapter
   \   000001E0   ....               LDI     R16, LOW(?_8)
   \   000001E2   ....               LDI     R17, (?_8) >> 8
   \   000001E4   ........           CALL    __record_needed_destruction
   \                     ??Init_10:
   \   000001E8   ....               LDI     R18, LOW(??ta1)
   \   000001EA   ....               LDI     R19, (??ta1) >> 8
   \   000001EC   910D               LD      R16, X+
   \   000001EE   911C               LD      R17, X
   \   000001F0   9711               SBIW    R27:R26, 1
   \   000001F2   ........           CALL    ??AddEvent
   \                     ??Init_9:
   \   000001F6   ....               LDI     R18, LOW(bcmod)
   \   000001F8   ....               LDI     R19, (bcmod) >> 8
   \   000001FA   018C               MOVW    R17:R16, R25:R24
   \   000001FC   ........           CALL    ??AddModule
   \   00000200   E0E6               LDI     R30, 6
   \   00000202   ........           JMP     ?EPILOGUE_B6_L09

   \                                 In  segment CODE, align 2, keep-with-next
   \                     `?<Unnamed 1>`:
   \   00000000   939A               ST      -Y, R25
   \   00000002   938A               ST      -Y, R24
   \   00000004   01C8               MOVW    R25:R24, R17:R16
   \   00000006   E022               LDI     R18, 2
   \   00000008   E030               LDI     R19, 0
   \   0000000A   018C               MOVW    R17:R16, R25:R24
   \   0000000C   ........           CALL    `?~SerialIO`
   \   00000010   9189               LD      R24, Y+
   \   00000012   9199               LD      R25, Y+
   \   00000014   9508               RET

   \                                 In  segment NEAR_Z, align 1, keep-with-next
   \   00000000                      REQUIRE `?<Segment init: NEAR_Z>`
   \                     ??_serial0:
   \   00000000                      DS8 35

   \                                 In  segment CODE, align 2, keep-with-next
   \                     `?<Unnamed 2>`:
   \   00000000   939A               ST      -Y, R25
   \   00000002   938A               ST      -Y, R24
   \   00000004   01C8               MOVW    R25:R24, R17:R16
   \   00000006   E022               LDI     R18, 2
   \   00000008   E030               LDI     R19, 0
   \   0000000A   018C               MOVW    R17:R16, R25:R24
   \   0000000C   ........           CALL    `?~DInTimerAdaptor`
   \   00000010   9189               LD      R24, Y+
   \   00000012   9199               LD      R25, Y+
   \   00000014   9508               RET

   \                                 In  segment NEAR_Z, align 1, keep-with-next
   \   00000000                      REQUIRE `?<Segment init: NEAR_Z>`
   \                     ??timer:
   \   00000000                      DS8 10

   \                                 In  segment CODE, align 2, keep-with-next
   \                     `?<Unnamed 3>`:
   \   00000000   939A               ST      -Y, R25
   \   00000002   938A               ST      -Y, R24
   \   00000004   01C8               MOVW    R25:R24, R17:R16
   \   00000006   E022               LDI     R18, 2
   \   00000008   E030               LDI     R19, 0
   \   0000000A   018C               MOVW    R17:R16, R25:R24
   \   0000000C   ........           CALL    `?~TimerWithLedAdapter`
   \   00000010   9189               LD      R24, Y+
   \   00000012   9199               LD      R25, Y+
   \   00000014   9508               RET

   \                                 In  segment NEAR_Z, align 1, keep-with-next
   \   00000000                      REQUIRE `?<Segment init: NEAR_Z>`
   \                     ??ta0:
   \   00000000                      DS8 10

   \                                 In  segment NEAR_Z, align 1, keep-with-next
   \   00000000                      REQUIRE `?<Segment init: NEAR_Z>`
   \                     ??ta1:
   \   00000000                      DS8 10

   \                                 In  segment CODE, align 2, keep-with-next
   \                     ??CreateTimer:
   \   00000000   01F8               MOVW    R31:R30, R17:R16
   \   00000002   8100               LD      R16, Z
   \   00000004   8111               LDD     R17, Z+1
   \   00000006   9508               RET

   \                                 In  segment CODE, align 2, keep-with-next
   \                     ??CreateLed:
   \   00000000   2322               TST     R18
   \   00000002   F421               BRNE    ??CreateLed_1
   \   00000004   01F8               MOVW    R31:R30, R17:R16
   \   00000006   8106               LDD     R16, Z+6
   \   00000008   8117               LDD     R17, Z+7
   \   0000000A   9508               RET
   \                     ??CreateLed_1:
   \   0000000C   3021               CPI     R18, 1
   \   0000000E   F419               BRNE    ??CreateLed_2
   \   00000010   01F8               MOVW    R31:R30, R17:R16
   \   00000012   8500               LDD     R16, Z+8
   \   00000014   8511               LDD     R17, Z+9
   \                     ??CreateLed_2:
   \   00000016   9508               RET

   \                                 In  segment CODE, align 2, keep-with-next
   \                     ??CreateSerialIO:
   \   00000000   01F8               MOVW    R31:R30, R17:R16
   \   00000002   2322               TST     R18
   \   00000004   F419               BRNE    ??CreateSerialIO_1
   \   00000006   8102               LDD     R16, Z+2
   \   00000008   8113               LDD     R17, Z+3
   \   0000000A   9508               RET
   \                     ??CreateSerialIO_1:
   \   0000000C   E000               LDI     R16, 0
   \   0000000E   E010               LDI     R17, 0
   \   00000010   9508               RET

   \                                 In  segment CODE, align 2, keep-with-next
   \                     ??CreateDIn:
   \   00000000   ........           CALL    ?PROLOGUE4_L09
   \   00000004   01C8               MOVW    R25:R24, R17:R16
   \   00000006   91A0....           LDS     R26, ??Driver
   \   0000000A   91B0....           LDS     R27, (??Driver + 1)
   \   0000000E   91ED               LD      R30, X+
   \   00000010   91FC               LD      R31, X
   \   00000012   9711               SBIW    R27:R26, 1
   \   00000014   9636               ADIW    R31:R30, 6
   \   00000016   9100....           LDS     R16, ??Driver
   \   0000001A   9110....           LDS     R17, (??Driver + 1)
   \   0000001E   9125               LPM     R18, Z+
   \   00000020   9134               LPM     R19, Z
   \   00000022   9731               SBIW    R31:R30, 1
   \   00000024   01F9               MOVW    R31:R30, R19:R18
   \   00000026   9509               ICALL
   \   00000028   E0E4               LDI     R30, 4
   \   0000002A   ........           JMP     ?EPILOGUE_B4_L09

   \                                 In  segment CODE, align 2, keep-with-next
   \                     ??CreateAdc:
   \   00000000   ........           CALL    ?PROLOGUE4_L09
   \   00000004   01C8               MOVW    R25:R24, R17:R16
   \   00000006   9100....           LDS     R16, `??static guard for adc`
   \   0000000A   2300               TST     R16
   \   0000000C   F4E9               BRNE    ??CreateAdc_1
   \   0000000E   E001               LDI     R16, 1
   \   00000010   9300....           STS     `??static guard for adc`, R16
   \   00000014   91A0....           LDS     R26, ??Driver
   \   00000018   91B0....           LDS     R27, (??Driver + 1)
   \   0000001C   91ED               LD      R30, X+
   \   0000001E   91FC               LD      R31, X
   \   00000020   9711               SBIW    R27:R26, 1
   \   00000022   9672               ADIW    R31:R30, 18
   \   00000024   9100....           LDS     R16, ??Driver
   \   00000028   9110....           LDS     R17, (??Driver + 1)
   \   0000002C   9125               LPM     R18, Z+
   \   0000002E   9134               LPM     R19, Z
   \   00000030   9731               SBIW    R31:R30, 1
   \   00000032   01F9               MOVW    R31:R30, R19:R18
   \   00000034   9509               ICALL
   \   00000036   0198               MOVW    R19:R18, R17:R16
   \   00000038   ....               LDI     R16, LOW(??adc)
   \   0000003A   ....               LDI     R17, (??adc) >> 8
   \   0000003C   ........           CALL    ??Adc
   \   00000040   ....               LDI     R16, LOW(?_10)
   \   00000042   ....               LDI     R17, (?_10) >> 8
   \   00000044   ........           CALL    __record_needed_destruction
   \                     ??CreateAdc_1:
   \   00000048   ....               LDI     R18, LOW(??adc)
   \   0000004A   ....               LDI     R19, (??adc) >> 8
   \   0000004C   01FC               MOVW    R31:R30, R25:R24
   \   0000004E   8100               LD      R16, Z
   \   00000050   8111               LDD     R17, Z+1
   \   00000052   ........           CALL    ??AddEvent
   \   00000056   ....               LDI     R16, LOW(??adc)
   \   00000058   ....               LDI     R17, (??adc) >> 8
   \   0000005A   E0E4               LDI     R30, 4
   \   0000005C   ........           JMP     ?EPILOGUE_B4_L09

   \                                 In  segment CODE, align 2, keep-with-next
   \                     `?<Unnamed 4>`:
   \   00000000   939A               ST      -Y, R25
   \   00000002   938A               ST      -Y, R24
   \   00000004   01C8               MOVW    R25:R24, R17:R16
   \   00000006   E022               LDI     R18, 2
   \   00000008   E030               LDI     R19, 0
   \   0000000A   018C               MOVW    R17:R16, R25:R24
   \   0000000C   ........           CALL    `?~Adc`
   \   00000010   9189               LD      R24, Y+
   \   00000012   9199               LD      R25, Y+
   \   00000014   9508               RET

   \                                 In  segment NEAR_Z, align 1, keep-with-next
   \   00000000                      REQUIRE `?<Segment init: NEAR_Z>`
   \                     ??adc:
   \   00000000                      DS8 12

   \                                 In  segment CODE, align 2, keep-with-next
   \                     ??CreatePwm:
   \   00000000   ........           CALL    ?PROLOGUE4_L09
   \   00000004   01C8               MOVW    R25:R24, R17:R16
   \   00000006   9100....           LDS     R16, `??static guard for pwm`
   \   0000000A   2300               TST     R16
   \   0000000C   F4E9               BRNE    ??CreatePwm_1
   \   0000000E   E001               LDI     R16, 1
   \   00000010   9300....           STS     `??static guard for pwm`, R16
   \   00000014   91A0....           LDS     R26, ??Driver
   \   00000018   91B0....           LDS     R27, (??Driver + 1)
   \   0000001C   91ED               LD      R30, X+
   \   0000001E   91FC               LD      R31, X
   \   00000020   9711               SBIW    R27:R26, 1
   \   00000022   9674               ADIW    R31:R30, 20
   \   00000024   9100....           LDS     R16, ??Driver
   \   00000028   9110....           LDS     R17, (??Driver + 1)
   \   0000002C   9125               LPM     R18, Z+
   \   0000002E   9134               LPM     R19, Z
   \   00000030   9731               SBIW    R31:R30, 1
   \   00000032   01F9               MOVW    R31:R30, R19:R18
   \   00000034   9509               ICALL
   \   00000036   0198               MOVW    R19:R18, R17:R16
   \   00000038   ....               LDI     R16, LOW(??pwm)
   \   0000003A   ....               LDI     R17, (??pwm) >> 8
   \   0000003C   ........           CALL    ??Pwm
   \   00000040   ....               LDI     R16, LOW(?_12)
   \   00000042   ....               LDI     R17, (?_12) >> 8
   \   00000044   ........           CALL    __record_needed_destruction
   \                     ??CreatePwm_1:
   \   00000048   ....               LDI     R16, LOW(??pwm)
   \   0000004A   ....               LDI     R17, (??pwm) >> 8
   \   0000004C   E0E4               LDI     R30, 4
   \   0000004E   ........           JMP     ?EPILOGUE_B4_L09

   \                                 In  segment CODE, align 2, keep-with-next
   \                     `?<Unnamed 5>`:
   \   00000000   939A               ST      -Y, R25
   \   00000002   938A               ST      -Y, R24
   \   00000004   01C8               MOVW    R25:R24, R17:R16
   \   00000006   E022               LDI     R18, 2
   \   00000008   E030               LDI     R19, 0
   \   0000000A   018C               MOVW    R17:R16, R25:R24
   \   0000000C   ........           CALL    `?~Pwm`
   \   00000010   9189               LD      R24, Y+
   \   00000012   9199               LD      R25, Y+
   \   00000014   9508               RET

   \                                 In  segment NEAR_Z, align 1, keep-with-next
   \   00000000                      REQUIRE `?<Segment init: NEAR_Z>`
   \                     ??pwm:
   \   00000000                      DS8 5

   \                                 In  segment NEAR_Z, align 1, keep-with-next
   \   00000000                      REQUIRE `?<Segment init: NEAR_Z>`
   \                     bc:
   \   00000000                      DS8 10
    170          

   \                                 In  segment CODE, align 2, keep-with-next
    171          BCComponentManager * GetBCComponentManager(void)
   \                     ??GetBCComponentManager:
    172          {
    173            
    174            return &bc; 
   \   00000000   ....               LDI     R16, LOW(bc)
   \   00000002   ....               LDI     R17, (bc) >> 8
   \   00000004   9508               RET
    175          }

   \                                 In  segment NEAR_ID, align 1, keep-with-next
   \                     `?<Initializer for <Constant "0 == Instantce">>`:
   \   00000000   20303D3D4920       DC8 "0 == Instantce"
   \              736E6174746E
   \              656300      

   \                                 In  segment NEAR_ID, align 1, keep-with-next
   \                     `?<Initializer for <Constant "C:\\\\work\\\\TIEL_Fr`:
   \   00000000   3A43775C726F       DC8 43H, 3AH, 5CH, 77H, 6FH, 72H, 6BH, 5CH
   \              5C6B        
   \   00000008   49544C45465F       DC8 54H, 49H, 45H, 4CH, 5FH, 46H, 72H, 61H
   \              6172        
   \   00000010   656D6F576B72       DC8 6DH, 65H, 57H, 6FH, 72H, 6BH, 5CH, 42H
   \              425C        
   \   00000018   73616369435F       DC8 61H, 73H, 69H, 63H, 5FH, 43H, 6FH, 6DH
   \              6D6F        
   \   00000020   6F70656E746E       DC8 70H, 6FH, 6EH, 65H, 6EH, 74H, 5CH, 42H
   \              425C        
   \   00000028   43436D6F6F70       DC8 43H, 43H, 6FH, 6DH, 70H, 6FH, 6EH, 65H
   \              656E        
   \   00000030   746E614D616E       DC8 6EH, 74H, 4DH, 61H, 6EH, 61H, 67H, 65H
   \              6567        
   \   00000038   2E7270630070       DC8 72H, 2EH, 63H, 70H, 70H, 0

   \                                 In  segment NEAR_ID, align 1, keep-with-next
   \                     `?<Initializer for <Constant "0 != Driver">>`:
   \   00000000   20303D214420       DC8 "0 != Driver"
   \              697265760072

   \                                 In  segment NEAR_ID, align 1, keep-with-next
   \                     `?<Initializer for <Constant "0 != sys">>`:
   \   00000000   20303D217320       DC8 "0 != sys"
   \              737900      

   \                                 In  segment NEAR_ID, align 1, keep-with-next
   \                     `?<Initializer for <Constant "0 != tm">>`:
   \   00000000   20303D217420       DC8 "0 != tm"
   \              006D        

   \                                 In  segment NEAR_ID, align 1, keep-with-next
   \                     `?<Initializer for <Constant "0 != serial0">>`:
   \   00000000   20303D217320       DC8 "0 != serial0"
   \              72656169306C
   \              00          

   \                                 In  segment NEAR_ID, align 1, keep-with-next
   \                     `?<Initializer for >`:
   \   00000000   ............       DC16 ?_1, bcmod, `?<Unnamed 0>`/2

   \                                 In  segment NEAR_ID, align 1, keep-with-next
   \                     `?<Initializer for >_1`:
   \   00000000   ............       DC16 ?_3, ??_serial0, `?<Unnamed 1>`/2

   \                                 In  segment NEAR_ID, align 1, keep-with-next
   \                     `?<Initializer for >_2`:
   \   00000000   ............       DC16 ?_5, ??timer, `?<Unnamed 2>`/2

   \                                 In  segment NEAR_ID, align 1, keep-with-next
   \                     `?<Initializer for >_3`:
   \   00000000   ............       DC16 ?_7, ??ta0, `?<Unnamed 3>`/2

   \                                 In  segment NEAR_ID, align 1, keep-with-next
   \                     `?<Initializer for >_4`:
   \   00000000   ............       DC16 ?_9, ??ta1, `?<Unnamed 3>`/2

   \                                 In  segment NEAR_ID, align 1, keep-with-next
   \                     `?<Initializer for >_5`:
   \   00000000   ............       DC16 ?_11, ??adc, `?<Unnamed 4>`/2

   \                                 In  segment NEAR_ID, align 1, keep-with-next
   \                     `?<Initializer for >_6`:
   \   00000000   ............       DC16 ?_13, ??pwm, `?<Unnamed 5>`/2

   \                                 In  segment DIFUNCT, align 1, keep-with-next, root
   \   00000000                      REQUIRE ?call_ctors
   \   00000000   ....               DW      ??__sti__routine/2

   \                                 In  segment NEAR_I, align 1, keep-with-next
   \   00000000                      REQUIRE `?<Segment init: NEAR_I>`
   \                     `?<Constant "0 == Instantce">`:
   \   00000000                      DS8 15
   \   0000000F                      REQUIRE `?<Initializer for <Constant "0 == Instantce">>`

   \                                 In  segment NEAR_I, align 1, keep-with-next
   \   00000000                      REQUIRE `?<Segment init: NEAR_I>`
   \                     `?<Constant "C:\\\\work\\\\TIEL_FrameWor...">`:
   \   00000000                      DS8 62
   \   0000003E                      REQUIRE `?<Initializer for <Constant "C:\\\\work\\\\TIEL_Fr`

   \                                 In  segment NEAR_I, align 1, keep-with-next
   \   00000000                      REQUIRE `?<Segment init: NEAR_I>`
   \                     `?<Constant "0 != Driver">`:
   \   00000000                      DS8 12
   \   0000000C                      REQUIRE `?<Initializer for <Constant "0 != Driver">>`

   \                                 In  segment NEAR_I, align 1, keep-with-next
   \   00000000                      REQUIRE `?<Segment init: NEAR_I>`
   \                     `?<Constant "0 != sys">`:
   \   00000000                      DS8 9
   \   00000009                      REQUIRE `?<Initializer for <Constant "0 != sys">>`

   \                                 In  segment NEAR_I, align 1, keep-with-next
   \   00000000                      REQUIRE `?<Segment init: NEAR_I>`
   \                     `?<Constant "0 != tm">`:
   \   00000000                      DS8 8
   \   00000008                      REQUIRE `?<Initializer for <Constant "0 != tm">>`

   \                                 In  segment NEAR_I, align 1, keep-with-next
   \   00000000                      REQUIRE `?<Segment init: NEAR_I>`
   \                     `?<Constant "0 != serial0">`:
   \   00000000                      DS8 13
   \   0000000D                      REQUIRE `?<Initializer for <Constant "0 != serial0">>`

   \                                 In  segment CODE, align 2, keep-with-next
   \   __nearfunc __version_3 BCComponentManager *BCComponentManager::new BCComponentManager()
   \                     `??new BCComponentManager`:
   \   00000000   E00A               LDI     R16, 10
   \   00000002   E010               LDI     R17, 0
   \   00000004   ........           CALL    `??operator new`
   \   00000008   0198               MOVW    R19:R18, R17:R16
   \   0000000A   2B01               OR      R16, R17
   \   0000000C   F019               BREQ    `??new BCComponentManager_1`
   \   0000000E   0189               MOVW    R17:R16, R19:R18
   \   00000010   ....               RCALL   ??BCComponentManager
   \   00000012   9508               RET
   \                     `??new BCComponentManager_1`:
   \   00000014   E000               LDI     R16, 0
   \   00000016   E010               LDI     R17, 0
   \   00000018   9508               RET
    176          
    177          

   Maximum stack usage in bytes:

     Function                       CSTACK RSTACK
     --------                       ------ ------
     <Unnamed 0>                        2      2
       -> BCComponentMod::~BCComponentMod()
                                        2      2
     <Unnamed 1>                        2      2
       -> SerialIO::~SerialIO()         2      2
     <Unnamed 2>                        2      2
       -> DInTimerAdaptor::~DInTimerAdaptor()
                                        2      2
     <Unnamed 3>                        2      2
       -> TimerWithLedAdapter::~TimerWithLedAdapter()
                                        2      2
     <Unnamed 4>                        2      2
       -> Adc::~Adc()                   2      2
     <Unnamed 5>                        2      2
       -> Pwm::~Pwm()                   2      2
     BCComponentManager::BCComponentManager()
                                        2      2
       -> __taabi_assert                2      2
       -> __iar_EmptyStepPoint          2      2
     BCComponentManager::CreateAdc()
                                        4      2
       ->   Indirect call               4      2
       -> Adc::Adc(IAdcPort *)          4      2
       -> __record_needed_destruction
                                        4      2
       -> TimerManager::AddEvent(ITimerEvent *)
                                        4      2
     BCComponentManager::CreateDIn()
                                        4      2
       ->   Indirect call               4      2
     BCComponentManager::CreateLed(BCComponentManager::LED)
                                        0      2
     BCComponentManager::CreatePwm()
                                        4      2
       ->   Indirect call               4      2
       -> Pwm::Pwm(IPwmPort *)          4      2
       -> __record_needed_destruction
                                        4      2
     BCComponentManager::CreateSerialIO(unsigned char)
                                        0      2
     BCComponentManager::CreateTimer()
                                        0      2
     BCComponentManager::Init()         6      2
       -> GetDriverFactory()            6      2
       -> __taabi_assert                6      2
       -> __iar_EmptyStepPoint          6      2
       ->   Indirect call               6      2
       -> TimerManager::GetInstance(ITimer *)
                                        6      2
       ->   Indirect call               6      2
       -> SerialIO::SerialIO(ISerialPort &)
                                        6      2
       -> __record_needed_destruction
                                        6      2
       ->   Indirect call               6      2
       -> DInTimerAdaptor::DInTimerAdaptor(DIn &, unsigned char)
                                        6      2
       -> __record_needed_destruction
                                        6      2
       -> TimerManager::AddEvent(ITimerEvent *)
                                        6      2
       -> SystemManager::Instance()     6      2
       -> __taabi_assert                6      2
       -> __iar_EmptyStepPoint          6      2
       ->   Indirect call               6      2
       -> TimerWithLedAdapter::TimerWithLedAdapter(Led *)
                                        6      2
       -> __record_needed_destruction
                                        6      2
       -> TimerManager::AddEvent(ITimerEvent *)
                                        6      2
       ->   Indirect call               6      2
       -> TimerWithLedAdapter::TimerWithLedAdapter(Led *)
                                        6      2
       -> __record_needed_destruction
                                        6      2
       -> TimerManager::AddEvent(ITimerEvent *)
                                        6      2
       -> SystemManager::AddModule(IModule &)
                                        6      2
     BCComponentManager::new BCComponentManager()
                                        0      2
       -> operator new(size_t)          0      2
       -> BCComponentManager::BCComponentManager()
                                        0      2
     BCComponentMod::BCComponentMod()
                                        2      2
       -> IModule::IModule()            2      2
     BCComponentMod::Execute()          2      2
       -> __taabi_assert                2      2
       -> __iar_EmptyStepPoint          2      2
       -> TimerManager::evTick()        2      2
       -> __taabi_assert                2      2
       -> __iar_EmptyStepPoint          2      2
       -> SerialIO::evTick()            2      2
     BCComponentMod::Init()             2      2
       -> GetBCComponentManager()       2      2
       -> BCComponentManager::CreateTimer()
                                        2      2
       -> GetBCComponentManager()       2      2
       -> BCComponentManager::CreateSerialIO(unsigned char)
                                        2      2
       -> __taabi_assert                2      2
       -> __iar_EmptyStepPoint          2      2
     BCComponentMod::~BCComponentMod()
                                        4      2
       -> IModule::~IModule()           4      2
       -> operator delete(void *)       4      2
     DInTimerAdaptor::DInTimerAdaptor(DIn &, unsigned char)
                                        6      2
       -> ITimerEvent::ITimerEvent(unsigned char, unsigned short)
                                        6      2
       -> DIn::SetTimerInterval(unsigned char)
                                        6      2
       -> ITimerEvent::Resume()         6      2
     DInTimerAdaptor::TimeOutEvent()
                                        2      2
       -> DIn::evTimerExpir()           2      2
     DInTimerAdaptor::~DInTimerAdaptor()
                                        4      2
       -> ITimerEvent::~ITimerEvent()
                                        4      2
       -> operator delete(void *)       4      2
     GetBCComponentManager()            0      2
     IModule::IModule()                 0      2
     IModule::~IModule()                2      2
       -> operator delete(void *)       2      2
     ITimerEvent::ITimerEvent(unsigned char, unsigned short)
                                        0      2
     ITimerEvent::Resume()              0      2
     ITimerEvent::~ITimerEvent()        2      2
       -> operator delete(void *)       2      2
     RingBuffer::~RingBuffer()          2      2
       -> operator delete(void *)       2      2
     SerialIO::~SerialIO()              4      2
       -> RingBuffer::~RingBuffer()     4      2
       -> RingBuffer::~RingBuffer()     4      2
       -> operator delete(void *)       4      2
     TimerWithLedAdapter::TimeOutEvent()
                                        2      2
       -> Led::evTimerExpir()           2      2
     TimerWithLedAdapter::TimerWithLedAdapter(Led *)
                                        4      2
       -> ITimerEvent::ITimerEvent(unsigned char, unsigned short)
                                        4      2
       -> ITimerEvent::Resume()         4      2
     TimerWithLedAdapter::~TimerWithLedAdapter()
                                        4      2
       -> ITimerEvent::~ITimerEvent()
                                        4      2
       -> operator delete(void *)       4      2
     __sti__routine()                   0      2
       -> BCComponentMod::BCComponentMod()
                                        0      2
       -> __record_needed_destruction
                                        0      2
       -> BCComponentManager::BCComponentManager()
                                        0      2


   Segment part sizes:

     Function/Label                                 Bytes
     --------------                                 -----
     ITimerEvent::ITimerEvent(unsigned char, unsigned short)
                                                      18
     ITimerEvent::~ITimerEvent()                      30
     ITimerEvent::Resume()                             8
     RingBuffer::~RingBuffer()                        30
     SerialIO::~SerialIO()                            60
     IModule::IModule()                                2
     IModule::~IModule()                              30
     DInTimerAdaptor::~DInTimerAdaptor()
                                                      42
     DInTimerAdaptor::DInTimerAdaptor(DIn &, unsigned char)
                                                      64
     DInTimerAdaptor::TimeOutEvent()
                                                      24
     TimerWithLedAdapter::~TimerWithLedAdapter()
                                                      42
     TimerWithLedAdapter::TimerWithLedAdapter(Led *)
                                                      50
     TimerWithLedAdapter::TimeOutEvent()
                                                      24
     BCComponentManager::Instantce                     2
     BCComponentManager::Driver                        2
     BCComponentMod::BCComponentMod()
                                                      30
     BCComponentMod::~BCComponentMod()
                                                      42
     BCComponentMod::Init()                           78
     BCComponentMod::Execute()                       142
     __sti__routine()                                 24
     ?<Unnamed 0>                                     22
     bcmod                                             6
     BCComponentManager::BCComponentManager()
                                                      66
     BCComponentManager::Init()                      518
     ?<Unnamed 1>                                     22
     _serial0                                         35
     ?<Unnamed 2>                                     22
     timer                                            10
     ?<Unnamed 3>                                     22
     ta0                                              10
     ta1                                              10
     BCComponentManager::CreateTimer()
                                                       8
     BCComponentManager::CreateLed(BCComponentManager::LED)
                                                      24
     BCComponentManager::CreateSerialIO(unsigned char)
                                                      18
     BCComponentManager::CreateDIn()
                                                      46
     BCComponentManager::CreateAdc()
                                                      96
     ?<Unnamed 4>                                     22
     adc                                              12
     BCComponentManager::CreatePwm()
                                                      82
     ?<Unnamed 5>                                     22
     pwm                                               5
     bc                                               10
     GetBCComponentManager()                           6
     ?<Initializer for <Constant "0 == Instantce">>   15
     ?<Initializer for <Constant "C:\\work\\TIEL_Fr   62
     ?<Initializer for <Constant "0 != Driver">>      12
     ?<Initializer for <Constant "0 != sys">>          9
     ?<Initializer for <Constant "0 != tm">>           8
     ?<Initializer for <Constant "0 != serial0">>     13
     ?<Initializer for >                               6
     ?<Initializer for >_1                             6
     ?<Initializer for >_2                             6
     ?<Initializer for >_3                             6
     ?<Initializer for >_4                             6
     ?<Initializer for >_5                             6
     ?<Initializer for >_6                             6
     ?<Constant "0 == Instantce">                     15
     ?<Constant "C:\\work\\TIEL_FrameWor...">         62
     ?<Constant "0 != Driver">                        12
     ?<Constant "0 != sys">                            9
     ?<Constant "0 != tm">                             8
     ?<Constant "0 != serial0">                       13
     BCComponentManager::new BCComponentManager()
                                                      26
      Others                                          92

 
 1 762 bytes in segment CODE
     2 bytes in segment DIFUNCT
    14 bytes in segment INITTAB
    14 bytes in segment NEAR_F
   161 bytes in segment NEAR_I
   161 bytes in segment NEAR_ID
   122 bytes in segment NEAR_Z
 
 1 223 bytes of CODE memory (+ 730 bytes shared)
   283 bytes of DATA memory

Errors: none
Warnings: 2
