###############################################################################
#                                                                             #
# IAR C/C++ Compiler V5.50.0.50277/W32 for Atmel AVR    20/Dec/2013  10:32:39 #
# Copyright (C) 1996-2010 IAR Systems AB.                                     #
#                                                                             #
#    Source file  =  C:\work\TIEL_FrameWork\Configuration\MC_E02SMB_v1_3Drive #
#                    rFactory.cpp                                             #
#    Command line =  C:\work\TIEL_FrameWork\Configuration\MC_E02SMB_v1_3Drive #
#                    rFactory.cpp --cpu=m128 -ms -o                           #
#                    C:\work\ATmega128_Debug\Obj\ -D xNDEBUG -D               #
#                    xWATCHDOG_ENABLE -lC C:\work\ATmega128_Debug\List\ -y    #
#                    --initializers_in_flash -z2 --no_cse --no_inline         #
#                    --no_code_motion --no_cross_call --no_clustering         #
#                    --no_tbaa --cross_call_passes=2 --debug                  #
#                    -DENABLE_BIT_DEFINITIONS --do_cross_call -e -I ./\ -I    #
#                    C:\work\ -I C:\work/TIEL_FrameWork/Basic_Component\ -I   #
#                    C:\work/TIEL_FrameWork/BSP/MC_E02SMB_v1_3\ -I            #
#                    C:\work/TIEL_FrameWork/Common\ -I                        #
#                    C:\work/TIEL_FrameWork/Configuration\ -I                 #
#                    C:\work/TIEL_FrameWork/CPU/AVR_Driver\ -I                #
#                    C:\work/TIEL_FrameWork/Driver_Interface\ -I              #
#                    C:\work/TIEL_FrameWork/Drivers\ -I                       #
#                    C:\work/TIEL_FrameWork/Service\ -I                       #
#                    C:\work/TIEL_FrameWork/System\ -I                        #
#                    C:\work/TIEL_FrameWork/Test\ -I                          #
#                    C:\work/TIEL_FrameWork/Utils\ -I C:\work/BUILD_COUNT\    #
#                    -I "C:\Program Files\IAR Systems\Embedded Workbench      #
#                    5.4\avr\INC\" -I "C:\Program Files\IAR Systems\Embedded  #
#                    Workbench 5.4\avr\INC\DLIB\" --eeprom_size 4096 --eec++  #
#                    --dlib_config "C:\Program Files\IAR Systems\Embedded     #
#                    Workbench 5.4\avr\LIB\DLIB\dlAVR-3s-ec_mul-n.h"          #
#    List file    =  C:\work\ATmega128_Debug\List\MC_E02SMB_v1_3DriverFactory #
#                    .lst                                                     #
#    Object file  =  C:\work\ATmega128_Debug\Obj\MC_E02SMB_v1_3DriverFactory. #
#                    r90                                                      #
#                                                                             #
#                                                                             #
###############################################################################

C:\work\TIEL_FrameWork\Configuration\MC_E02SMB_v1_3DriverFactory.cpp
      1          #include "DriverFactory.h"

   \                                 In  segment CODE, align 2, keep-with-next
   \   __nearfunc __version_3 ITimer::~ITimer()
   \                     `?~ITimer`:
   \   00000000   939A               ST      -Y, R25
   \   00000002   938A               ST      -Y, R24
   \   00000004   01C8               MOVW    R25:R24, R17:R16
   \   00000006   2F08               MOV     R16, R24
   \   00000008   2B09               OR      R16, R25
   \   0000000A   F031               BREQ    `?~ITimer_1`
   \   0000000C   2F02               MOV     R16, R18
   \   0000000E   FF00               SBRS    R16, 0
   \   00000010   C003               RJMP    `?~ITimer_1`
   \   00000012   018C               MOVW    R17:R16, R25:R24
   \   00000014   ........           CALL    `??operator delete`
   \                     `?~ITimer_1`:
   \   00000018   9189               LD      R24, Y+
   \   0000001A   9199               LD      R25, Y+
   \   0000001C   9508               RET

   \                                 In  segment CODE, align 2, keep-with-next
   \   __nearfunc __version_3 ISerialPort::~ISerialPort()
   \                     `?~ISerialPort`:
   \   00000000   939A               ST      -Y, R25
   \   00000002   938A               ST      -Y, R24
   \   00000004   01C8               MOVW    R25:R24, R17:R16
   \   00000006   2F08               MOV     R16, R24
   \   00000008   2B09               OR      R16, R25
   \   0000000A   F031               BREQ    `?~ISerialPort_1`
   \   0000000C   2F02               MOV     R16, R18
   \   0000000E   FF00               SBRS    R16, 0
   \   00000010   C003               RJMP    `?~ISerialPort_1`
   \   00000012   018C               MOVW    R17:R16, R25:R24
   \   00000014   ........           CALL    `??operator delete`
   \                     `?~ISerialPort_1`:
   \   00000018   9189               LD      R24, Y+
   \   0000001A   9199               LD      R25, Y+
   \   0000001C   9508               RET

   \                                 In  segment CODE, align 2, keep-with-next
   \   __nearfunc __version_3 DOut::~DOut()
   \                     `?~DOut`:
   \   00000000   939A               ST      -Y, R25
   \   00000002   938A               ST      -Y, R24
   \   00000004   01C8               MOVW    R25:R24, R17:R16
   \   00000006   2F08               MOV     R16, R24
   \   00000008   2B09               OR      R16, R25
   \   0000000A   F031               BREQ    `?~DOut_1`
   \   0000000C   2F02               MOV     R16, R18
   \   0000000E   FF00               SBRS    R16, 0
   \   00000010   C003               RJMP    `?~DOut_1`
   \   00000012   018C               MOVW    R17:R16, R25:R24
   \   00000014   ........           CALL    `??operator delete`
   \                     `?~DOut_1`:
   \   00000018   9189               LD      R24, Y+
   \   0000001A   9199               LD      R25, Y+
   \   0000001C   9508               RET

   \                                 In  segment CODE, align 2, keep-with-next
   \   __nearfunc __version_3 DIn::~DIn()
   \                     `?~DIn`:
   \   00000000   939A               ST      -Y, R25
   \   00000002   938A               ST      -Y, R24
   \   00000004   01C8               MOVW    R25:R24, R17:R16
   \   00000006   2F08               MOV     R16, R24
   \   00000008   2B09               OR      R16, R25
   \   0000000A   F031               BREQ    `?~DIn_1`
   \   0000000C   2F02               MOV     R16, R18
   \   0000000E   FF00               SBRS    R16, 0
   \   00000010   C003               RJMP    `?~DIn_1`
   \   00000012   018C               MOVW    R17:R16, R25:R24
   \   00000014   ........           CALL    `??operator delete`
   \                     `?~DIn_1`:
   \   00000018   9189               LD      R24, Y+
   \   0000001A   9199               LD      R25, Y+
   \   0000001C   9508               RET

   \                                 In  segment CODE, align 2, keep-with-next
   \   __nearfunc __version_3 Led::~Led()
   \                     `?~Led`:
   \   00000000   ........           CALL    ?PROLOGUE4_L09
   \   00000004   01C8               MOVW    R25:R24, R17:R16
   \   00000006   01D9               MOVW    R27:R26, R19:R18
   \   00000008   2F08               MOV     R16, R24
   \   0000000A   2B09               OR      R16, R25
   \   0000000C   F059               BREQ    `?~Led_1`
   \   0000000E   E020               LDI     R18, 0
   \   00000010   E030               LDI     R19, 0
   \   00000012   018C               MOVW    R17:R16, R25:R24
   \   00000014   ........           CALL    `?~DOut`
   \   00000018   2F0A               MOV     R16, R26
   \   0000001A   FF00               SBRS    R16, 0
   \   0000001C   C003               RJMP    `?~Led_1`
   \   0000001E   018C               MOVW    R17:R16, R25:R24
   \   00000020   ........           CALL    `??operator delete`
   \                     `?~Led_1`:
   \   00000024   E0E4               LDI     R30, 4
   \   00000026   ........           JMP     ?EPILOGUE_B4_L09

   \                                 In  segment CODE, align 2, keep-with-next
   \   __nearfunc __version_3 Clcd::~Clcd()
   \                     `?~Clcd`:
   \   00000000   939A               ST      -Y, R25
   \   00000002   938A               ST      -Y, R24
   \   00000004   01C8               MOVW    R25:R24, R17:R16
   \   00000006   2F08               MOV     R16, R24
   \   00000008   2B09               OR      R16, R25
   \   0000000A   F031               BREQ    `?~Clcd_1`
   \   0000000C   2F02               MOV     R16, R18
   \   0000000E   FF00               SBRS    R16, 0
   \   00000010   C003               RJMP    `?~Clcd_1`
   \   00000012   018C               MOVW    R17:R16, R25:R24
   \   00000014   ........           CALL    `??operator delete`
   \                     `?~Clcd_1`:
   \   00000018   9189               LD      R24, Y+
   \   0000001A   9199               LD      R25, Y+
   \   0000001C   9508               RET

   \                                 In  segment CODE, align 2, keep-with-next
   \   __nearfunc __version_3 DriverFactory::DriverFactory()
   \                     ??DriverFactory:
   \   00000000   93BA               ST      -Y, R27
   \   00000002   93AA               ST      -Y, R26
   \   00000004   01D8               MOVW    R27:R26, R17:R16
   \   00000006   ....               LDI     R16, LOW(??__vtbl)
   \   00000008   ....               LDI     R17, (??__vtbl) >> 8
   \   0000000A   930D               ST      X+, R16
   \   0000000C   931C               ST      X, R17
   \   0000000E   9711               SBIW    R27:R26, 1
   \   00000010   9100....           LDS     R16, ??instance
   \   00000014   9110....           LDS     R17, (??instance + 1)
   \   00000018   2B01               OR      R16, R17
   \   0000001A   F051               BREQ    ??DriverFactory_1
   \   0000001C   E34A               LDI     R20, 58
   \   0000001E   E050               LDI     R21, 0
   \   00000020   ....               LDI     R18, LOW(`?<Constant "C:\\\\work\\\\TIEL_FrameWor...">`)
   \   00000022   ....               LDI     R19, (`?<Constant "C:\\\\work\\\\TIEL_FrameWor...">`) >> 8
   \   00000024   ....               LDI     R16, LOW(`?<Constant "0 == instance">`)
   \   00000026   ....               LDI     R17, (`?<Constant "0 == instance">`) >> 8
   \   00000028   ........           CALL    __taabi_assert
   \   0000002C   ........           CALL    __iar_EmptyStepPoint
   \                     ??DriverFactory_1:
   \   00000030   9100....           LDS     R16, ??instance
   \   00000034   9110....           LDS     R17, (??instance + 1)
   \   00000038   2B01               OR      R16, R17
   \   0000003A   F421               BRNE    ??DriverFactory_2
   \   0000003C   93A0....           STS     ??instance, R26
   \   00000040   93B0....           STS     (??instance + 1), R27
   \                     ??DriverFactory_2:
   \   00000044   018D               MOVW    R17:R16, R27:R26
   \   00000046   91A9               LD      R26, Y+
   \   00000048   91B9               LD      R27, Y+
   \   0000004A   9508               RET

   \                                 In  segment CODE, align 2, keep-with-next
   \   __nearfunc __version_3 ITimer *DriverFactory::CreateTimer()
   \                     ??CreateTimer:
   \   00000000   0198               MOVW    R19:R18, R17:R16
   \   00000002   E000               LDI     R16, 0
   \   00000004   E010               LDI     R17, 0
   \   00000006   9508               RET

   \                                 In  segment CODE, align 2, keep-with-next
   \   __nearfunc __version_3 ISerialPort *DriverFactory::CreateUart()
   \                     ??CreateUart:
   \   00000000   0198               MOVW    R19:R18, R17:R16
   \   00000002   E000               LDI     R16, 0
   \   00000004   E010               LDI     R17, 0
   \   00000006   9508               RET

   \                                 In  segment CODE, align 2, keep-with-next
   \   __nearfunc __version_3 ISpi *DriverFactory::CreateSPI()
   \                     ??CreateSPI:
   \   00000000   0198               MOVW    R19:R18, R17:R16
   \   00000002   E000               LDI     R16, 0
   \   00000004   E010               LDI     R17, 0
   \   00000006   9508               RET

   \                                 In  segment CODE, align 2, keep-with-next
   \   __nearfunc __version_3 DIn *DriverFactory::CreateDIn()
   \                     ??CreateDIn:
   \   00000000   0198               MOVW    R19:R18, R17:R16
   \   00000002   E000               LDI     R16, 0
   \   00000004   E010               LDI     R17, 0
   \   00000006   9508               RET

   \                                 In  segment CODE, align 2, keep-with-next
   \   __nearfunc __version_3 DOut *DriverFactory::CreateDOut(char *)
   \                     ??CreateDOut:
   \   00000000   01A8               MOVW    R21:R20, R17:R16
   \   00000002   E000               LDI     R16, 0
   \   00000004   E010               LDI     R17, 0
   \   00000006   9508               RET

   \                                 In  segment CODE, align 2, keep-with-next
   \   __nearfunc __version_3 Led *DriverFactory::CreateLed(unsigned char)
   \                     ??CreateLed:
   \   00000000   01A8               MOVW    R21:R20, R17:R16
   \   00000002   E000               LDI     R16, 0
   \   00000004   E010               LDI     R17, 0
   \   00000006   9508               RET

   \                                 In  segment CODE, align 2, keep-with-next
   \   __nearfunc __version_3 Clcd *DriverFactory::CreateClcd()
   \                     ??CreateClcd:
   \   00000000   0198               MOVW    R19:R18, R17:R16
   \   00000002   E000               LDI     R16, 0
   \   00000004   E010               LDI     R17, 0
   \   00000006   9508               RET

    CreateWatchDog();
    ^
"C:\work\TIEL_FrameWork\Driver_Interface\DriverFactory.h",80  Warning[Pe837]: 
          omission of explicit type is nonstandard ("int" assumed)

   \                                 In  segment CODE, align 2, keep-with-next
   \   __nearfunc __version_3 Dac7512 *DriverFactory::CreateDac7512()
   \                     ??CreateDac7512:
   \   00000000   0198               MOVW    R19:R18, R17:R16
   \   00000002   E000               LDI     R16, 0
   \   00000004   E010               LDI     R17, 0
   \   00000006   9508               RET

   \                                 In  segment CODE, align 2, keep-with-next
   \   __nearfunc __version_3 Mcp3204 *DriverFactory::CreateMcp3204()
   \                     ??CreateMcp3204:
   \   00000000   0198               MOVW    R19:R18, R17:R16
   \   00000002   E000               LDI     R16, 0
   \   00000004   E010               LDI     R17, 0
   \   00000006   9508               RET

   \                                 In  segment CODE, align 2, keep-with-next
   \   __nearfunc __version_3 IAdcPort *DriverFactory::CreateAdc()
   \                     ??CreateAdc:
   \   00000000   0198               MOVW    R19:R18, R17:R16
   \   00000002   E000               LDI     R16, 0
   \   00000004   E010               LDI     R17, 0
   \   00000006   9508               RET

   \                                 In  segment CODE, align 2, keep-with-next
   \   __nearfunc __version_3 IPwmPort *DriverFactory::CreatePwm()
   \                     ??CreatePwm:
   \   00000000   0198               MOVW    R19:R18, R17:R16
   \   00000002   E000               LDI     R16, 0
   \   00000004   E010               LDI     R17, 0
   \   00000006   9508               RET
      2          
      3          #include "avr_timer.h"

   \                                 In  segment CODE, align 2, keep-with-next
   \   __nearfunc __version_3 Avr_timer0::~Avr_timer0()
   \                     `?~Avr_timer0`:
   \   00000000   ........           CALL    ?PROLOGUE4_L09
   \   00000004   01C8               MOVW    R25:R24, R17:R16
   \   00000006   01D9               MOVW    R27:R26, R19:R18
   \   00000008   2F08               MOV     R16, R24
   \   0000000A   2B09               OR      R16, R25
   \   0000000C   F059               BREQ    `?~Avr_timer0_1`
   \   0000000E   E020               LDI     R18, 0
   \   00000010   E030               LDI     R19, 0
   \   00000012   018C               MOVW    R17:R16, R25:R24
   \   00000014   ........           CALL    `?~ITimer`
   \   00000018   2F0A               MOV     R16, R26
   \   0000001A   FF00               SBRS    R16, 0
   \   0000001C   C003               RJMP    `?~Avr_timer0_1`
   \   0000001E   018C               MOVW    R17:R16, R25:R24
   \   00000020   ........           CALL    `??operator delete`
   \                     `?~Avr_timer0_1`:
   \   00000024   E0E4               LDI     R30, 4
   \   00000026   ........           JMP     ?EPILOGUE_B4_L09
      4          #include "avr_uart.h"

   \                                 In  segment CODE, align 2, keep-with-next
   \   __nearfunc __version_3 Avr_uart0::~Avr_uart0()
   \                     `?~Avr_uart0`:
   \   00000000   ........           CALL    ?PROLOGUE4_L09
   \   00000004   01C8               MOVW    R25:R24, R17:R16
   \   00000006   01D9               MOVW    R27:R26, R19:R18
   \   00000008   2F08               MOV     R16, R24
   \   0000000A   2B09               OR      R16, R25
   \   0000000C   F059               BREQ    `?~Avr_uart0_1`
   \   0000000E   E020               LDI     R18, 0
   \   00000010   E030               LDI     R19, 0
   \   00000012   018C               MOVW    R17:R16, R25:R24
   \   00000014   ........           CALL    `?~ISerialPort`
   \   00000018   2F0A               MOV     R16, R26
   \   0000001A   FF00               SBRS    R16, 0
   \   0000001C   C003               RJMP    `?~Avr_uart0_1`
   \   0000001E   018C               MOVW    R17:R16, R25:R24
   \   00000020   ........           CALL    `??operator delete`
   \                     `?~Avr_uart0_1`:
   \   00000024   E0E4               LDI     R30, 4
   \   00000026   ........           JMP     ?EPILOGUE_B4_L09
      5          #include "avr_pwm.h"
      6          #include "avr_adc.h"
      7          
      8          #include "dio_adaptor.h"

   \                                 In  segment CODE, align 2, keep-with-next
   \   __nearfunc __version_3 E02SMBLed::~E02SMBLed()
   \                     `?~E02SMBLed`:
   \   00000000   ........           CALL    ?PROLOGUE4_L09
   \   00000004   01C8               MOVW    R25:R24, R17:R16
   \   00000006   01D9               MOVW    R27:R26, R19:R18
   \   00000008   2F08               MOV     R16, R24
   \   0000000A   2B09               OR      R16, R25
   \   0000000C   F059               BREQ    `?~E02SMBLed_1`
   \   0000000E   E020               LDI     R18, 0
   \   00000010   E030               LDI     R19, 0
   \   00000012   018C               MOVW    R17:R16, R25:R24
   \   00000014   ........           CALL    `?~Led`
   \   00000018   2F0A               MOV     R16, R26
   \   0000001A   FF00               SBRS    R16, 0
   \   0000001C   C003               RJMP    `?~E02SMBLed_1`
   \   0000001E   018C               MOVW    R17:R16, R25:R24
   \   00000020   ........           CALL    `??operator delete`
   \                     `?~E02SMBLed_1`:
   \   00000024   E0E4               LDI     R30, 4
   \   00000026   ........           JMP     ?EPILOGUE_B4_L09

   \                                 In  segment CODE, align 2, keep-with-next
   \   __nearfunc __version_3 DigialIn::~DigialIn()
   \                     `?~DigialIn`:
   \   00000000   ........           CALL    ?PROLOGUE4_L09
   \   00000004   01C8               MOVW    R25:R24, R17:R16
   \   00000006   01D9               MOVW    R27:R26, R19:R18
   \   00000008   2F08               MOV     R16, R24
   \   0000000A   2B09               OR      R16, R25
   \   0000000C   F059               BREQ    `?~DigialIn_1`
   \   0000000E   E020               LDI     R18, 0
   \   00000010   E030               LDI     R19, 0
   \   00000012   018C               MOVW    R17:R16, R25:R24
   \   00000014   ........           CALL    `?~DIn`
   \   00000018   2F0A               MOV     R16, R26
   \   0000001A   FF00               SBRS    R16, 0
   \   0000001C   C003               RJMP    `?~DigialIn_1`
   \   0000001E   018C               MOVW    R17:R16, R25:R24
   \   00000020   ........           CALL    `??operator delete`
   \                     `?~DigialIn_1`:
   \   00000024   E0E4               LDI     R30, 4
   \   00000026   ........           JMP     ?EPILOGUE_B4_L09
      9          #include "clcd_adaptor.h"

   \                                 In  segment CODE, align 2, keep-with-next
   \   __nearfunc __version_3 ClcdAdaptor::~ClcdAdaptor()
   \                     `?~ClcdAdaptor`:
   \   00000000   ........           CALL    ?PROLOGUE4_L09
   \   00000004   01C8               MOVW    R25:R24, R17:R16
   \   00000006   01D9               MOVW    R27:R26, R19:R18
   \   00000008   2F08               MOV     R16, R24
   \   0000000A   2B09               OR      R16, R25
   \   0000000C   F059               BREQ    `?~ClcdAdaptor_1`
   \   0000000E   E020               LDI     R18, 0
   \   00000010   E030               LDI     R19, 0
   \   00000012   018C               MOVW    R17:R16, R25:R24
   \   00000014   ........           CALL    `?~Clcd`
   \   00000018   2F0A               MOV     R16, R26
   \   0000001A   FF00               SBRS    R16, 0
   \   0000001C   C003               RJMP    `?~ClcdAdaptor_1`
   \   0000001E   018C               MOVW    R17:R16, R25:R24
   \   00000020   ........           CALL    `??operator delete`
   \                     `?~ClcdAdaptor_1`:
   \   00000024   E0E4               LDI     R30, 4
   \   00000026   ........           JMP     ?EPILOGUE_B4_L09
     10          
     11          
     12          #include <string.h>
     13          
     14          //하드웨어를 추상화하고 장치를 생성함.
     15          
     16          

   \                                 In  segment CODE, align 2, keep-with-next
   \   static __intrinsic __nearfunc __version_3 void __sti__routine()
   \                     ??__sti__routine:
     17          static Avr_timer0    timer;
   \   00000000   ....               LDI     R16, LOW(timer)
   \   00000002   ....               LDI     R17, (timer) >> 8
   \   00000004   ........           CALL    ??Avr_timer0
   \   00000008   ....               LDI     R16, LOW(?_0)
   \   0000000A   ....               LDI     R17, (?_0) >> 8
   \   0000000C   ........           CALL    __record_needed_destruction
     18          static Avr_uart0     com0;
   \   00000010   ....               LDI     R16, LOW(com0)
   \   00000012   ....               LDI     R17, (com0) >> 8
   \   00000014   ........           CALL    ??Avr_uart0
   \   00000018   ....               LDI     R16, LOW(?_2)
   \   0000001A   ....               LDI     R17, (?_2) >> 8
   \   0000001C   ........           CALL    __record_needed_destruction
     19          static Avr_pwm      pwm0;
   \   00000020   E024               LDI     R18, 4
   \   00000022   ....               LDI     R16, LOW(pwm0)
   \   00000024   ....               LDI     R17, (pwm0) >> 8
   \   00000026   ........           CALL    ??Avr_pwm
   \   0000002A   ....               LDI     R16, LOW(?_4)
   \   0000002C   ....               LDI     R17, (?_4) >> 8
   \   0000002E   ........           CALL    __record_needed_destruction
     20          
     21          static E02SMBLed  led0;
   \   00000032   ....               LDI     R16, LOW(led0)
   \   00000034   ....               LDI     R17, (led0) >> 8
   \   00000036   ........           CALL    ??E02SMBLed
   \   0000003A   ....               LDI     R16, LOW(?_6)
   \   0000003C   ....               LDI     R17, (?_6) >> 8
   \   0000003E   ........           CALL    __record_needed_destruction
     22          static DigialIn swDIn;
   \   00000042   ....               LDI     R16, LOW(swDIn)
   \   00000044   ....               LDI     R17, (swDIn) >> 8
   \   00000046   ........           CALL    ??DigialIn
   \   0000004A   ....               LDI     R16, LOW(?_8)
   \   0000004C   ....               LDI     R17, (?_8) >> 8
   \   0000004E   ........           CALL    __record_needed_destruction
     23          static ClcdAdaptor clcd;
   \   00000052   ....               LDI     R16, LOW(clcd)
   \   00000054   ....               LDI     R17, (clcd) >> 8
   \   00000056   ........           CALL    ??ClcdAdaptor
   \   0000005A   ....               LDI     R16, LOW(?_10)
   \   0000005C   ....               LDI     R17, (?_10) >> 8
   \   0000005E   ........           CALL    __record_needed_destruction
     24          
     25          class MC_E02SMBDriverFactory : public DriverFactory
     26          {
     27          
     28          
     29             
     30          
     31          public:
     32            MC_E02SMBDriverFactory()
     33            {    
     34              
     35            }
     36            
     37            ITimer * CreateTimer()
     38            {
     39              return &timer;
     40            }
     41          
     42            ISerialPort * CreateUart()
     43            {
     44              return &com0;    
     45            }
     46            
     47            Led * CreateLed(unsigned char _led)
     48            {
     49          
     50              if( 0 == _led)
     51              {
     52                return &led0;
     53              }
     54              
     55           
     56              return 0;
     57            }  
     58            Clcd * CreateClcd()
     59            {
     60          
     61              
     62              return &clcd;
     63              
     64            }  
     65            
     66              DIn * CreateDIn()
     67            { 
     68             
     69              return &swDIn;
     70            }
     71          
     72            IAdcPort * CreateAdc(void) {
     73              static Avr_adc avr_adc;
     74              
     75              return &avr_adc;  
     76            
     77            }
     78            
     79            IPwmPort * CreatePwm(void)
     80            {
     81              
     82              return &pwm0;
     83            
     84            };
     85            
     86          };
     87          
     88          
     89          
     90          
     91          
     92          /////////////////////////////////////////////////////////////
     93          static MC_E02SMBDriverFactory MC_E02SMBDriver;
   \   00000062   ....               LDI     R16, LOW(MC_E02SMBDriver)
   \   00000064   ....               LDI     R17, (MC_E02SMBDriver) >> 8
   \   00000066   ........           CALL    ??MC_E02SMBDriverFactory
   \   0000006A   9508               RET

   \                                 In  segment CODE, align 2, keep-with-next
   \                     `?<Unnamed 0>`:
   \   00000000   939A               ST      -Y, R25
   \   00000002   938A               ST      -Y, R24
   \   00000004   01C8               MOVW    R25:R24, R17:R16
   \   00000006   E022               LDI     R18, 2
   \   00000008   E030               LDI     R19, 0
   \   0000000A   018C               MOVW    R17:R16, R25:R24
   \   0000000C   ........           CALL    `?~Avr_timer0`
   \   00000010   9189               LD      R24, Y+
   \   00000012   9199               LD      R25, Y+
   \   00000014   9508               RET

   \                                 In  segment NEAR_Z, align 1, keep-with-next
   \   00000000                      REQUIRE `?<Segment init: NEAR_Z>`
   \                     timer:
   \   00000000                      DS8 2

   \                                 In  segment CODE, align 2, keep-with-next
   \                     `?<Unnamed 1>`:
   \   00000000   939A               ST      -Y, R25
   \   00000002   938A               ST      -Y, R24
   \   00000004   01C8               MOVW    R25:R24, R17:R16
   \   00000006   E022               LDI     R18, 2
   \   00000008   E030               LDI     R19, 0
   \   0000000A   018C               MOVW    R17:R16, R25:R24
   \   0000000C   ........           CALL    `?~Avr_uart0`
   \   00000010   9189               LD      R24, Y+
   \   00000012   9199               LD      R25, Y+
   \   00000014   9508               RET

   \                                 In  segment NEAR_Z, align 1, keep-with-next
   \   00000000                      REQUIRE `?<Segment init: NEAR_Z>`
   \                     com0:
   \   00000000                      DS8 8

   \                                 In  segment CODE, align 2, keep-with-next
   \                     `?<Unnamed 2>`:
   \   00000000   939A               ST      -Y, R25
   \   00000002   938A               ST      -Y, R24
   \   00000004   01C8               MOVW    R25:R24, R17:R16
   \   00000006   E022               LDI     R18, 2
   \   00000008   E030               LDI     R19, 0
   \   0000000A   018C               MOVW    R17:R16, R25:R24
   \   0000000C   ........           CALL    `?~Avr_pwm`
   \   00000010   9189               LD      R24, Y+
   \   00000012   9199               LD      R25, Y+
   \   00000014   9508               RET

   \                                 In  segment NEAR_Z, align 1, keep-with-next
   \   00000000                      REQUIRE `?<Segment init: NEAR_Z>`
   \                     pwm0:
   \   00000000                      DS8 3

   \                                 In  segment CODE, align 2, keep-with-next
   \                     `?<Unnamed 3>`:
   \   00000000   939A               ST      -Y, R25
   \   00000002   938A               ST      -Y, R24
   \   00000004   01C8               MOVW    R25:R24, R17:R16
   \   00000006   E022               LDI     R18, 2
   \   00000008   E030               LDI     R19, 0
   \   0000000A   018C               MOVW    R17:R16, R25:R24
   \   0000000C   ........           CALL    `?~E02SMBLed`
   \   00000010   9189               LD      R24, Y+
   \   00000012   9199               LD      R25, Y+
   \   00000014   9508               RET

   \                                 In  segment NEAR_Z, align 1, keep-with-next
   \   00000000                      REQUIRE `?<Segment init: NEAR_Z>`
   \                     led0:
   \   00000000                      DS8 13

   \                                 In  segment CODE, align 2, keep-with-next
   \                     `?<Unnamed 4>`:
   \   00000000   939A               ST      -Y, R25
   \   00000002   938A               ST      -Y, R24
   \   00000004   01C8               MOVW    R25:R24, R17:R16
   \   00000006   E022               LDI     R18, 2
   \   00000008   E030               LDI     R19, 0
   \   0000000A   018C               MOVW    R17:R16, R25:R24
   \   0000000C   ........           CALL    `?~DigialIn`
   \   00000010   9189               LD      R24, Y+
   \   00000012   9199               LD      R25, Y+
   \   00000014   9508               RET

   \                                 In  segment NEAR_Z, align 1, keep-with-next
   \   00000000                      REQUIRE `?<Segment init: NEAR_Z>`
   \                     swDIn:
   \   00000000                      DS8 7

   \                                 In  segment CODE, align 2, keep-with-next
   \                     `?<Unnamed 5>`:
   \   00000000   939A               ST      -Y, R25
   \   00000002   938A               ST      -Y, R24
   \   00000004   01C8               MOVW    R25:R24, R17:R16
   \   00000006   E022               LDI     R18, 2
   \   00000008   E030               LDI     R19, 0
   \   0000000A   018C               MOVW    R17:R16, R25:R24
   \   0000000C   ........           CALL    `?~ClcdAdaptor`
   \   00000010   9189               LD      R24, Y+
   \   00000012   9199               LD      R25, Y+
   \   00000014   9508               RET

   \                                 In  segment NEAR_Z, align 1, keep-with-next
   \   00000000                      REQUIRE `?<Segment init: NEAR_Z>`
   \                     clcd:
   \   00000000                      DS8 2

   \                                 In  segment CODE, align 2, keep-with-next
   \                     ??MC_E02SMBDriverFactory:
   \   00000000   93BA               ST      -Y, R27
   \   00000002   93AA               ST      -Y, R26
   \   00000004   01D8               MOVW    R27:R26, R17:R16
   \   00000006   018D               MOVW    R17:R16, R27:R26
   \   00000008   ........           CALL    ??DriverFactory
   \   0000000C   ....               LDI     R16, LOW(??__vtbl_1)
   \   0000000E   ....               LDI     R17, (??__vtbl_1) >> 8
   \   00000010   930D               ST      X+, R16
   \   00000012   931C               ST      X, R17
   \   00000014   9711               SBIW    R27:R26, 1
   \   00000016   018D               MOVW    R17:R16, R27:R26
   \   00000018   91A9               LD      R26, Y+
   \   0000001A   91B9               LD      R27, Y+
   \   0000001C   9508               RET

   \                                 In  segment CODE, align 2, keep-with-next
   \                     ??CreateTimer_1:
   \   00000000   0198               MOVW    R19:R18, R17:R16
   \   00000002   ....               LDI     R16, LOW(timer)
   \   00000004   ....               LDI     R17, (timer) >> 8
   \   00000006   9508               RET

   \                                 In  segment CODE, align 2, keep-with-next
   \                     ??CreateUart_1:
   \   00000000   0198               MOVW    R19:R18, R17:R16
   \   00000002   ....               LDI     R16, LOW(com0)
   \   00000004   ....               LDI     R17, (com0) >> 8
   \   00000006   9508               RET

   \                                 In  segment CODE, align 2, keep-with-next
   \                     ??CreateLed_1:
   \   00000000   01A8               MOVW    R21:R20, R17:R16
   \   00000002   2322               TST     R18
   \   00000004   F419               BRNE    ??CreateLed_2
   \   00000006   ....               LDI     R16, LOW(led0)
   \   00000008   ....               LDI     R17, (led0) >> 8
   \   0000000A   9508               RET
   \                     ??CreateLed_2:
   \   0000000C   E000               LDI     R16, 0
   \   0000000E   E010               LDI     R17, 0
   \   00000010   9508               RET

   \                                 In  segment CODE, align 2, keep-with-next
   \                     ??CreateClcd_1:
   \   00000000   0198               MOVW    R19:R18, R17:R16
   \   00000002   ....               LDI     R16, LOW(clcd)
   \   00000004   ....               LDI     R17, (clcd) >> 8
   \   00000006   9508               RET

   \                                 In  segment CODE, align 2, keep-with-next
   \                     ??CreateDIn_1:
   \   00000000   0198               MOVW    R19:R18, R17:R16
   \   00000002   ....               LDI     R16, LOW(swDIn)
   \   00000004   ....               LDI     R17, (swDIn) >> 8
   \   00000006   9508               RET

   \                                 In  segment CODE, align 2, keep-with-next
   \                     ??CreateAdc_1:
   \   00000000   939A               ST      -Y, R25
   \   00000002   938A               ST      -Y, R24
   \   00000004   01C8               MOVW    R25:R24, R17:R16
   \   00000006   9100....           LDS     R16, `??static guard for avr_adc`
   \   0000000A   2300               TST     R16
   \   0000000C   F459               BRNE    ??CreateAdc_2
   \   0000000E   E001               LDI     R16, 1
   \   00000010   9300....           STS     `??static guard for avr_adc`, R16
   \   00000014   ....               LDI     R16, LOW(??avr_adc)
   \   00000016   ....               LDI     R17, (??avr_adc) >> 8
   \   00000018   ........           CALL    ??Avr_adc
   \   0000001C   ....               LDI     R16, LOW(?_12)
   \   0000001E   ....               LDI     R17, (?_12) >> 8
   \   00000020   ........           CALL    __record_needed_destruction
   \                     ??CreateAdc_2:
   \   00000024   ....               LDI     R16, LOW(??avr_adc)
   \   00000026   ....               LDI     R17, (??avr_adc) >> 8
   \   00000028   9189               LD      R24, Y+
   \   0000002A   9199               LD      R25, Y+
   \   0000002C   9508               RET

   \                                 In  segment CODE, align 2, keep-with-next
   \                     `?<Unnamed 6>`:
   \   00000000   939A               ST      -Y, R25
   \   00000002   938A               ST      -Y, R24
   \   00000004   01C8               MOVW    R25:R24, R17:R16
   \   00000006   E022               LDI     R18, 2
   \   00000008   E030               LDI     R19, 0
   \   0000000A   018C               MOVW    R17:R16, R25:R24
   \   0000000C   ........           CALL    `?~Avr_adc`
   \   00000010   9189               LD      R24, Y+
   \   00000012   9199               LD      R25, Y+
   \   00000014   9508               RET

   \                                 In  segment NEAR_Z, align 1, keep-with-next
   \   00000000                      REQUIRE `?<Segment init: NEAR_Z>`
   \                     ??avr_adc:
   \   00000000                      DS8 2

   \                                 In  segment CODE, align 2, keep-with-next
   \                     ??CreatePwm_1:
   \   00000000   0198               MOVW    R19:R18, R17:R16
   \   00000002   ....               LDI     R16, LOW(pwm0)
   \   00000004   ....               LDI     R17, (pwm0) >> 8
   \   00000006   9508               RET

   \                                 In  segment NEAR_Z, align 1, keep-with-next
   \   00000000                      REQUIRE `?<Segment init: NEAR_Z>`
   \                     MC_E02SMBDriver:
   \   00000000                      DS8 2
     94          

   \                                 In  segment CODE, align 2, keep-with-next
     95          DriverFactory * GetDriverFactory(void)
   \                     ??GetDriverFactory:
     96          {
     97            return &MC_E02SMBDriver;
   \   00000000   ....               LDI     R16, LOW(MC_E02SMBDriver)
   \   00000002   ....               LDI     R17, (MC_E02SMBDriver) >> 8
   \   00000004   9508               RET
     98          }

   \                                 In  segment NEAR_ID, align 1, keep-with-next
   \                     `?<Initializer for <Constant "0 == instance">>`:
   \   00000000   20303D3D6920       DC8 "0 == instance"
   \              736E6174636E
   \              0065        

   \                                 In  segment NEAR_ID, align 1, keep-with-next
   \                     `?<Initializer for <Constant "C:\\\\work\\\\TIEL_Fr`:
   \   00000000   3A43775C726F       DC8 43H, 3AH, 5CH, 77H, 6FH, 72H, 6BH, 5CH
   \              5C6B        
   \   00000008   49544C45465F       DC8 54H, 49H, 45H, 4CH, 5FH, 46H, 72H, 61H
   \              6172        
   \   00000010   656D6F576B72       DC8 6DH, 65H, 57H, 6FH, 72H, 6BH, 5CH, 44H
   \              445C        
   \   00000018   697265765F72       DC8 72H, 69H, 76H, 65H, 72H, 5FH, 49H, 6EH
   \              6E49        
   \   00000020   657466726361       DC8 74H, 65H, 72H, 66H, 61H, 63H, 65H, 5CH
   \              5C65        
   \   00000028   724476697265       DC8 44H, 72H, 69H, 76H, 65H, 72H, 46H, 61H
   \              6146        
   \   00000030   7463726F2E79       DC8 63H, 74H, 6FH, 72H, 79H, 2EH, 68H, 0
   \              0068        

   \                                 In  segment NEAR_ID, align 1, keep-with-next
   \                     `?<Initializer for >`:
   \   00000000   ............       DC16 ?_1, timer, `?<Unnamed 0>`/2

   \                                 In  segment NEAR_ID, align 1, keep-with-next
   \                     `?<Initializer for >_1`:
   \   00000000   ............       DC16 ?_3, com0, `?<Unnamed 1>`/2

   \                                 In  segment NEAR_ID, align 1, keep-with-next
   \                     `?<Initializer for >_2`:
   \   00000000   ............       DC16 ?_5, pwm0, `?<Unnamed 2>`/2

   \                                 In  segment NEAR_ID, align 1, keep-with-next
   \                     `?<Initializer for >_3`:
   \   00000000   ............       DC16 ?_7, led0, `?<Unnamed 3>`/2

   \                                 In  segment NEAR_ID, align 1, keep-with-next
   \                     `?<Initializer for >_4`:
   \   00000000   ............       DC16 ?_9, swDIn, `?<Unnamed 4>`/2

   \                                 In  segment NEAR_ID, align 1, keep-with-next
   \                     `?<Initializer for >_5`:
   \   00000000   ............       DC16 ?_11, clcd, `?<Unnamed 5>`/2

   \                                 In  segment NEAR_ID, align 1, keep-with-next
   \                     `?<Initializer for >_6`:
   \   00000000   ............       DC16 ?_13, ??avr_adc, `?<Unnamed 6>`/2

   \                                 In  segment DIFUNCT, align 1, keep-with-next, root
   \   00000000                      REQUIRE ?call_ctors
   \   00000000   ....               DW      ??__sti__routine/2

   \                                 In  segment NEAR_I, align 1, keep-with-next
   \   00000000                      REQUIRE `?<Segment init: NEAR_I>`
   \                     `?<Constant "0 == instance">`:
   \   00000000                      DS8 14
   \   0000000E                      REQUIRE `?<Initializer for <Constant "0 == instance">>`

   \                                 In  segment NEAR_I, align 1, keep-with-next
   \   00000000                      REQUIRE `?<Segment init: NEAR_I>`
   \                     `?<Constant "C:\\\\work\\\\TIEL_FrameWor...">`:
   \   00000000                      DS8 56
   \   00000038                      REQUIRE `?<Initializer for <Constant "C:\\\\work\\\\TIEL_Fr`
     99          

   Maximum stack usage in bytes:

     Function                       CSTACK RSTACK
     --------                       ------ ------
     <Unnamed 0>                        2      2
       -> Avr_timer0::~Avr_timer0()     2      2
     <Unnamed 1>                        2      2
       -> Avr_uart0::~Avr_uart0()       2      2
     <Unnamed 2>                        2      2
       -> Avr_pwm::~Avr_pwm()           2      2
     <Unnamed 3>                        2      2
       -> E02SMBLed::~E02SMBLed()       2      2
     <Unnamed 4>                        2      2
       -> DigialIn::~DigialIn()         2      2
     <Unnamed 5>                        2      2
       -> ClcdAdaptor::~ClcdAdaptor()
                                        2      2
     <Unnamed 6>                        2      2
       -> Avr_adc::~Avr_adc()           2      2
     Avr_timer0::~Avr_timer0()          4      2
       -> ITimer::~ITimer()             4      2
       -> operator delete(void *)       4      2
     Avr_uart0::~Avr_uart0()            4      2
       -> ISerialPort::~ISerialPort()
                                        4      2
       -> operator delete(void *)       4      2
     Clcd::~Clcd()                      2      2
       -> operator delete(void *)       2      2
     ClcdAdaptor::~ClcdAdaptor()        4      2
       -> Clcd::~Clcd()                 4      2
       -> operator delete(void *)       4      2
     DIn::~DIn()                        2      2
       -> operator delete(void *)       2      2
     DOut::~DOut()                      2      2
       -> operator delete(void *)       2      2
     DigialIn::~DigialIn()              4      2
       -> DIn::~DIn()                   4      2
       -> operator delete(void *)       4      2
     DriverFactory::CreateAdc()         0      2
     DriverFactory::CreateClcd()        0      2
     DriverFactory::CreateDIn()         0      2
     DriverFactory::CreateDOut(char *)
                                        0      2
     DriverFactory::CreateDac7512()     0      2
     DriverFactory::CreateLed(unsigned char)
                                        0      2
     DriverFactory::CreateMcp3204()     0      2
     DriverFactory::CreatePwm()         0      2
     DriverFactory::CreateSPI()         0      2
     DriverFactory::CreateTimer()       0      2
     DriverFactory::CreateUart()        0      2
     DriverFactory::DriverFactory()     2      2
       -> __taabi_assert                2      2
       -> __iar_EmptyStepPoint          2      2
     E02SMBLed::~E02SMBLed()            4      2
       -> Led::~Led()                   4      2
       -> operator delete(void *)       4      2
     GetDriverFactory()                 0      2
     ISerialPort::~ISerialPort()        2      2
       -> operator delete(void *)       2      2
     ITimer::~ITimer()                  2      2
       -> operator delete(void *)       2      2
     Led::~Led()                        4      2
       -> DOut::~DOut()                 4      2
       -> operator delete(void *)       4      2
     MC_E02SMBDriverFactory::CreateAdc()
                                        2      2
       -> Avr_adc::Avr_adc()            2      2
       -> __record_needed_destruction
                                        2      2
     MC_E02SMBDriverFactory::CreateClcd()
                                        0      2
     MC_E02SMBDriverFactory::CreateDIn()
                                        0      2
     MC_E02SMBDriverFactory::CreateLed(unsigned char)
                                        0      2
     MC_E02SMBDriverFactory::CreatePwm()
                                        0      2
     MC_E02SMBDriverFactory::CreateTimer()
                                        0      2
     MC_E02SMBDriverFactory::CreateUart()
                                        0      2
     MC_E02SMBDriverFactory::MC_E02SMBDriverFactory()
                                        2      2
       -> DriverFactory::DriverFactory()
                                        2      2
     __sti__routine()                   0      2
       -> Avr_timer0::Avr_timer0()      0      2
       -> __record_needed_destruction
                                        0      2
       -> Avr_uart0::Avr_uart0()        0      2
       -> __record_needed_destruction
                                        0      2
       -> Avr_pwm::Avr_pwm(unsigned char)
                                        0      2
       -> __record_needed_destruction
                                        0      2
       -> E02SMBLed::E02SMBLed()        0      2
       -> __record_needed_destruction
                                        0      2
       -> DigialIn::DigialIn()          0      2
       -> __record_needed_destruction
                                        0      2
       -> ClcdAdaptor::ClcdAdaptor()
                                        0      2
       -> __record_needed_destruction
                                        0      2
       -> MC_E02SMBDriverFactory::MC_E02SMBDriverFactory()
                                        0      2


   Segment part sizes:

     Function/Label                                 Bytes
     --------------                                 -----
     ITimer::~ITimer()                                30
     ISerialPort::~ISerialPort()                      30
     DOut::~DOut()                                    30
     DIn::~DIn()                                      30
     Led::~Led()                                      42
     Clcd::~Clcd()                                    30
     DriverFactory::DriverFactory()                   76
     DriverFactory::CreateTimer()                      8
     DriverFactory::CreateUart()                       8
     DriverFactory::CreateSPI()                        8
     DriverFactory::CreateDIn()                        8
     DriverFactory::CreateDOut(char *)
                                                       8
     DriverFactory::CreateLed(unsigned char)
                                                       8
     DriverFactory::CreateClcd()                       8
     DriverFactory::CreateDac7512()                    8
     DriverFactory::CreateMcp3204()                    8
     DriverFactory::CreateAdc()                        8
     DriverFactory::CreatePwm()                        8
     Avr_timer0::~Avr_timer0()                        42
     Avr_uart0::~Avr_uart0()                          42
     E02SMBLed::~E02SMBLed()                          42
     DigialIn::~DigialIn()                            42
     ClcdAdaptor::~ClcdAdaptor()                      42
     __sti__routine()                                108
     ?<Unnamed 0>                                     22
     timer                                             2
     ?<Unnamed 1>                                     22
     com0                                              8
     ?<Unnamed 2>                                     22
     pwm0                                              3
     ?<Unnamed 3>                                     22
     led0                                             13
     ?<Unnamed 4>                                     22
     swDIn                                             7
     ?<Unnamed 5>                                     22
     clcd                                              2
     MC_E02SMBDriverFactory::MC_E02SMBDriverFactory()
                                                      30
     MC_E02SMBDriverFactory::CreateTimer()
                                                       8
     MC_E02SMBDriverFactory::CreateUart()
                                                       8
     MC_E02SMBDriverFactory::CreateLed(unsigned char)
                                                      18
     MC_E02SMBDriverFactory::CreateClcd()
                                                       8
     MC_E02SMBDriverFactory::CreateDIn()
                                                       8
     MC_E02SMBDriverFactory::CreateAdc()
                                                      46
     ?<Unnamed 6>                                     22
     avr_adc                                           2
     MC_E02SMBDriverFactory::CreatePwm()
                                                       8
     MC_E02SMBDriver                                   2
     GetDriverFactory()                                6
     ?<Initializer for <Constant "0 == instance">>    14
     ?<Initializer for <Constant "C:\\work\\TIEL_Fr   56
     ?<Initializer for >                               6
     ?<Initializer for >_1                             6
     ?<Initializer for >_2                             6
     ?<Initializer for >_3                             6
     ?<Initializer for >_4                             6
     ?<Initializer for >_5                             6
     ?<Initializer for >_6                             6
     ?<Constant "0 == instance">                      14
     ?<Constant "C:\\work\\TIEL_FrameWor...">         56
      Others                                         117

 
 968 bytes in segment CODE
   2 bytes in segment DIFUNCT
  14 bytes in segment INITTAB
  44 bytes in segment NEAR_F
 112 bytes in segment NEAR_I
 112 bytes in segment NEAR_ID
  54 bytes in segment NEAR_Z
 
 426 bytes of CODE memory (+ 714 bytes shared)
 163 bytes of DATA memory (+   3 bytes shared)

Errors: none
Warnings: 1
